2026-02-18 07:16:21,793 | INFO | Run dir: /home/thalles.fontainha/2026-2/results/EX1/20260218-071621
2026-02-18 07:16:21,793 | INFO | Device: cuda
2026-02-18 07:16:21,794 | INFO | CUDA available: True
2026-02-18 07:16:21,816 | INFO | CUDA device_count: 1
2026-02-18 07:16:21,822 | INFO | GPU 0: NVIDIA GeForce RTX 2080 Ti
2026-02-18 07:16:21,822 | INFO | Etapa: copiando snapshot do código (.py) para auditoria...
2026-02-18 07:16:21,837 | INFO | Snapshot concluído em 0.0min
2026-02-18 07:16:21,837 | INFO | Etapa: carregando dataset base (sem transforms)...
2026-02-18 07:17:38,121 | INFO | Dataset carregado em 1.3min | N=2976 | pos=1317 neg=1659
2026-02-18 07:17:38,130 | INFO | Etapa: construindo pipelines de transforms (train vs eval)...
2026-02-18 07:17:38,133 | INFO | Transforms construídos em 0.0min
2026-02-18 07:17:38,133 | INFO | Etapa: gerando outer folds (n_splits=5)...
2026-02-18 07:17:38,181 | INFO | Outer folds prontos em 0.0min
2026-02-18 07:17:38,185 | INFO | Fold 1/5 | outer_train=2380 outer_test=596
2026-02-18 07:17:38,191 | INFO | Fold 1: etapa inner split (inner_val_frac=0.15)...
2026-02-18 07:17:38,199 | INFO | Fold 1: inner split concluído em 0.0min | inner_train=2023 inner_val=357
2026-02-18 07:17:38,199 | INFO | Fold 1: etapa oversampling (treino) | enabled=True...
2026-02-18 07:17:38,220 | INFO | Fold 1: oversampling concluído em 0.0min | inner_train_os=2256
2026-02-18 07:17:38,220 | INFO | Fold 1: etapa criando DataLoaders (train/inner_val/outer_test)...
2026-02-18 07:17:38,231 | INFO | Fold 1: DataLoaders prontos em 0.0min
2026-02-18 07:17:38,248 | INFO | Fold 1: etapa treino inner (early stopping) | pretrained=True amp=True multi_gpu=True
2026-02-18 07:19:44,262 | INFO | [Fold 1] Epoch 1/60 | train_loss=0.6522 | val_loss=0.5297 | val_auc=0.8917 | dt=125.0s | ETA=123.0min
2026-02-18 07:21:42,784 | INFO | [Fold 1] Epoch 2/60 | train_loss=0.5337 | val_loss=1.6661 | val_auc=0.8659 | dt=118.4s | ETA=117.7min
2026-02-18 07:23:40,637 | INFO | [Fold 1] Epoch 3/60 | train_loss=0.4628 | val_loss=0.4433 | val_auc=0.8993 | dt=117.9s | ETA=114.4min
2026-02-18 07:25:38,207 | INFO | [Fold 1] Epoch 4/60 | train_loss=0.3788 | val_loss=0.5452 | val_auc=0.8986 | dt=117.4s | ETA=111.7min
2026-02-18 07:27:35,515 | INFO | [Fold 1] Epoch 5/60 | train_loss=0.2969 | val_loss=0.4533 | val_auc=0.9070 | dt=117.3s | ETA=109.3min
2026-02-18 07:29:32,757 | INFO | [Fold 1] Epoch 6/60 | train_loss=0.2095 | val_loss=0.8173 | val_auc=0.8904 | dt=117.2s | ETA=107.0min
2026-02-18 07:31:30,025 | INFO | [Fold 1] Epoch 7/60 | train_loss=0.1560 | val_loss=0.4461 | val_auc=0.9072 | dt=117.3s | ETA=104.8min
2026-02-18 07:33:27,237 | INFO | [Fold 1] Epoch 8/60 | train_loss=0.1234 | val_loss=0.5855 | val_auc=0.9179 | dt=117.2s | ETA=102.7min
2026-02-18 07:35:24,377 | INFO | [Fold 1] Epoch 9/60 | train_loss=0.1119 | val_loss=0.7259 | val_auc=0.8941 | dt=117.1s | ETA=100.6min
2026-02-18 07:37:21,478 | INFO | [Fold 1] Epoch 10/60 | train_loss=0.0677 | val_loss=0.9942 | val_auc=0.8836 | dt=117.1s | ETA=98.5min
2026-02-18 07:39:18,573 | INFO | [Fold 1] Epoch 11/60 | train_loss=0.0580 | val_loss=0.7574 | val_auc=0.8993 | dt=117.1s | ETA=96.4min
2026-02-18 07:41:15,629 | INFO | [Fold 1] Epoch 12/60 | train_loss=0.0641 | val_loss=0.6929 | val_auc=0.9077 | dt=117.1s | ETA=94.4min
2026-02-18 07:43:12,699 | INFO | [Fold 1] Epoch 13/60 | train_loss=0.0487 | val_loss=0.5771 | val_auc=0.8960 | dt=117.1s | ETA=92.4min
2026-02-18 07:43:12,699 | INFO | [Fold 1] Early stopping acionado (patience=10) em epoch 13 | best=3
2026-02-18 07:43:12,714 | INFO | Fold 1: treino inner concluído em 25.6min | best_epoch(inner)=3 | epochs_ran=13
2026-02-18 07:43:12,714 | INFO | Fold 1: etapa retrain outer-train por 3 epochs...
2026-02-18 07:45:11,023 | INFO | [Fold 1] [Retrain] Epoch 1/3 | train_loss=0.6548 | train_auc=0.7606 | dt=117.9s
2026-02-18 07:47:08,971 | INFO | [Fold 1] [Retrain] Epoch 2/3 | train_loss=0.5460 | train_auc=0.8459 | dt=117.9s
2026-02-18 07:49:06,827 | INFO | [Fold 1] [Retrain] Epoch 3/3 | train_loss=0.4669 | train_auc=0.8924 | dt=117.9s
2026-02-18 07:49:06,827 | INFO | Fold 1: retrain concluído em 5.9min
2026-02-18 07:49:06,827 | INFO | Fold 1: etapa avaliação outer-test (unseen data)...
2026-02-18 07:49:34,804 | INFO | [Fold 1] Outer-test | loss=0.5685 | auc=0.9010 | acc=0.7349 | f1=0.7584
2026-02-18 07:49:34,804 | INFO | Fold 1: avaliação concluída em 0.5min
2026-02-18 07:49:34,805 | INFO | Fold 1/5 finalizado | tempo_fold=31.9min | elapsed=33.2min | ETA_restante≈126.5min
2026-02-18 07:49:34,805 | INFO | Fold 2/5 | outer_train=2381 outer_test=595
2026-02-18 07:49:34,806 | INFO | Fold 2: etapa inner split (inner_val_frac=0.15)...
2026-02-18 07:49:34,808 | INFO | Fold 2: inner split concluído em 0.0min | inner_train=2023 inner_val=358
2026-02-18 07:49:34,808 | INFO | Fold 2: etapa oversampling (treino) | enabled=True...
2026-02-18 07:49:34,809 | INFO | Fold 2: oversampling concluído em 0.0min | inner_train_os=2254
2026-02-18 07:49:34,809 | INFO | Fold 2: etapa criando DataLoaders (train/inner_val/outer_test)...
2026-02-18 07:49:34,809 | INFO | Fold 2: DataLoaders prontos em 0.0min
2026-02-18 07:49:34,809 | INFO | Fold 2: etapa treino inner (early stopping) | pretrained=True amp=True multi_gpu=True
2026-02-18 07:51:34,790 | INFO | [Fold 2] Epoch 1/60 | train_loss=0.6568 | val_loss=0.6212 | val_auc=0.8612 | dt=119.6s | ETA=117.6min
2026-02-18 07:53:32,203 | INFO | [Fold 2] Epoch 2/60 | train_loss=0.5730 | val_loss=0.8202 | val_auc=0.8586 | dt=117.3s | ETA=114.5min
2026-02-18 07:55:29,509 | INFO | [Fold 2] Epoch 3/60 | train_loss=0.4817 | val_loss=0.8544 | val_auc=0.8724 | dt=117.3s | ETA=112.2min
2026-02-18 07:57:26,799 | INFO | [Fold 2] Epoch 4/60 | train_loss=0.4143 | val_loss=1.3833 | val_auc=0.8904 | dt=117.3s | ETA=110.0min
2026-02-18 07:59:24,127 | INFO | [Fold 2] Epoch 5/60 | train_loss=0.3277 | val_loss=0.7706 | val_auc=0.8914 | dt=117.3s | ETA=107.9min
2026-02-18 08:01:22,379 | INFO | [Fold 2] Epoch 6/60 | train_loss=0.2657 | val_loss=1.0613 | val_auc=0.8744 | dt=118.3s | ETA=106.1min
2026-02-18 08:03:19,723 | INFO | [Fold 2] Epoch 7/60 | train_loss=0.1615 | val_loss=0.7149 | val_auc=0.8880 | dt=117.3s | ETA=104.0min
2026-02-18 08:05:17,018 | INFO | [Fold 2] Epoch 8/60 | train_loss=0.1182 | val_loss=0.5591 | val_auc=0.8674 | dt=117.3s | ETA=102.0min
2026-02-18 08:07:14,414 | INFO | [Fold 2] Epoch 9/60 | train_loss=0.0895 | val_loss=0.9063 | val_auc=0.8848 | dt=117.2s | ETA=100.0min
2026-02-18 08:09:11,577 | INFO | [Fold 2] Epoch 10/60 | train_loss=0.0619 | val_loss=0.7686 | val_auc=0.8821 | dt=117.2s | ETA=98.0min
2026-02-18 08:11:08,786 | INFO | [Fold 2] Epoch 11/60 | train_loss=0.0742 | val_loss=0.7079 | val_auc=0.8810 | dt=117.2s | ETA=96.0min
2026-02-18 08:13:05,883 | INFO | [Fold 2] Epoch 12/60 | train_loss=0.0446 | val_loss=0.8088 | val_auc=0.8821 | dt=117.1s | ETA=94.0min
2026-02-18 08:15:03,075 | INFO | [Fold 2] Epoch 13/60 | train_loss=0.0504 | val_loss=0.6853 | val_auc=0.8782 | dt=117.2s | ETA=92.0min
2026-02-18 08:17:00,289 | INFO | [Fold 2] Epoch 14/60 | train_loss=0.0497 | val_loss=0.8262 | val_auc=0.8784 | dt=117.2s | ETA=90.1min
2026-02-18 08:18:57,464 | INFO | [Fold 2] Epoch 15/60 | train_loss=0.0307 | val_loss=0.9559 | val_auc=0.8748 | dt=117.2s | ETA=88.1min
2026-02-18 08:20:54,510 | INFO | [Fold 2] Epoch 16/60 | train_loss=0.0218 | val_loss=0.8557 | val_auc=0.8839 | dt=117.0s | ETA=86.1min
2026-02-18 08:22:51,423 | INFO | [Fold 2] Epoch 17/60 | train_loss=0.0110 | val_loss=2.1432 | val_auc=0.8531 | dt=116.9s | ETA=84.1min
2026-02-18 08:24:48,636 | INFO | [Fold 2] Epoch 18/60 | train_loss=0.0548 | val_loss=0.9915 | val_auc=0.8766 | dt=117.2s | ETA=82.2min
2026-02-18 08:24:48,637 | INFO | [Fold 2] Early stopping acionado (patience=10) em epoch 18 | best=8
2026-02-18 08:24:48,638 | INFO | Fold 2: treino inner concluído em 35.2min | best_epoch(inner)=8 | epochs_ran=18
2026-02-18 08:24:48,638 | INFO | Fold 2: etapa retrain outer-train por 8 epochs...
2026-02-18 08:26:47,105 | INFO | [Fold 2] [Retrain] Epoch 1/8 | train_loss=0.6408 | train_auc=0.7746 | dt=118.1s
2026-02-18 08:28:45,151 | INFO | [Fold 2] [Retrain] Epoch 2/8 | train_loss=0.5225 | train_auc=0.8612 | dt=118.0s
2026-02-18 08:30:43,177 | INFO | [Fold 2] [Retrain] Epoch 3/8 | train_loss=0.4551 | train_auc=0.8972 | dt=118.0s
2026-02-18 08:32:41,208 | INFO | [Fold 2] [Retrain] Epoch 4/8 | train_loss=0.3827 | train_auc=0.9288 | dt=118.0s
2026-02-18 08:34:39,266 | INFO | [Fold 2] [Retrain] Epoch 5/8 | train_loss=0.2812 | train_auc=0.9619 | dt=118.1s
2026-02-18 08:36:37,335 | INFO | [Fold 2] [Retrain] Epoch 6/8 | train_loss=0.2101 | train_auc=0.9779 | dt=118.1s
2026-02-18 08:38:35,311 | INFO | [Fold 2] [Retrain] Epoch 7/8 | train_loss=0.1524 | train_auc=0.9883 | dt=118.0s
2026-02-18 08:40:33,176 | INFO | [Fold 2] [Retrain] Epoch 8/8 | train_loss=0.0981 | train_auc=0.9952 | dt=117.9s
2026-02-18 08:40:33,177 | INFO | Fold 2: retrain concluído em 15.7min
2026-02-18 08:40:33,177 | INFO | Fold 2: etapa avaliação outer-test (unseen data)...
2026-02-18 08:41:04,485 | INFO | [Fold 2] Outer-test | loss=0.5758 | auc=0.9100 | acc=0.8084 | f1=0.7711
2026-02-18 08:41:04,485 | INFO | Fold 2: avaliação concluída em 0.5min
2026-02-18 08:41:04,485 | INFO | Fold 2/5 finalizado | tempo_fold=51.5min | elapsed=84.7min | ETA_restante≈123.9min
2026-02-18 08:41:04,486 | INFO | Fold 3/5 | outer_train=2381 outer_test=595
2026-02-18 08:41:04,487 | INFO | Fold 3: etapa inner split (inner_val_frac=0.15)...
2026-02-18 08:41:04,489 | INFO | Fold 3: inner split concluído em 0.0min | inner_train=2023 inner_val=358
2026-02-18 08:41:04,489 | INFO | Fold 3: etapa oversampling (treino) | enabled=True...
2026-02-18 08:41:04,490 | INFO | Fold 3: oversampling concluído em 0.0min | inner_train_os=2254
2026-02-18 08:41:04,490 | INFO | Fold 3: etapa criando DataLoaders (train/inner_val/outer_test)...
2026-02-18 08:41:04,490 | INFO | Fold 3: DataLoaders prontos em 0.0min
2026-02-18 08:41:04,490 | INFO | Fold 3: etapa treino inner (early stopping) | pretrained=True amp=True multi_gpu=True
2026-02-18 08:43:02,152 | INFO | [Fold 3] Epoch 1/60 | train_loss=0.6501 | val_loss=0.5801 | val_auc=0.8853 | dt=117.3s | ETA=115.3min
2026-02-18 08:44:59,531 | INFO | [Fold 3] Epoch 2/60 | train_loss=0.5199 | val_loss=0.6429 | val_auc=0.9153 | dt=117.3s | ETA=113.4min
2026-02-18 08:46:56,793 | INFO | [Fold 3] Epoch 3/60 | train_loss=0.4527 | val_loss=0.4316 | val_auc=0.9095 | dt=117.3s | ETA=111.4min
2026-02-18 08:48:54,141 | INFO | [Fold 3] Epoch 4/60 | train_loss=0.3706 | val_loss=0.6690 | val_auc=0.9290 | dt=117.2s | ETA=109.4min
2026-02-18 08:50:51,404 | INFO | [Fold 3] Epoch 5/60 | train_loss=0.2865 | val_loss=0.7863 | val_auc=0.9164 | dt=117.3s | ETA=107.5min
2026-02-18 08:52:48,662 | INFO | [Fold 3] Epoch 6/60 | train_loss=0.2147 | val_loss=0.5296 | val_auc=0.9166 | dt=117.3s | ETA=105.5min
2026-02-18 08:54:45,945 | INFO | [Fold 3] Epoch 7/60 | train_loss=0.1516 | val_loss=0.5193 | val_auc=0.9172 | dt=117.3s | ETA=103.6min
2026-02-18 08:56:43,186 | INFO | [Fold 3] Epoch 8/60 | train_loss=0.1292 | val_loss=0.7011 | val_auc=0.9023 | dt=117.2s | ETA=101.6min
2026-02-18 08:58:40,331 | INFO | [Fold 3] Epoch 9/60 | train_loss=0.0796 | val_loss=0.8475 | val_auc=0.9141 | dt=117.1s | ETA=99.7min
2026-02-18 09:00:37,426 | INFO | [Fold 3] Epoch 10/60 | train_loss=0.0837 | val_loss=0.5869 | val_auc=0.9149 | dt=117.1s | ETA=97.7min
2026-02-18 09:02:34,573 | INFO | [Fold 3] Epoch 11/60 | train_loss=0.0622 | val_loss=0.6453 | val_auc=0.9130 | dt=117.1s | ETA=95.7min
2026-02-18 09:04:31,671 | INFO | [Fold 3] Epoch 12/60 | train_loss=0.0469 | val_loss=0.5335 | val_auc=0.9171 | dt=117.1s | ETA=93.8min
2026-02-18 09:06:28,722 | INFO | [Fold 3] Epoch 13/60 | train_loss=0.0450 | val_loss=0.8985 | val_auc=0.9207 | dt=117.1s | ETA=91.8min
2026-02-18 09:06:28,722 | INFO | [Fold 3] Early stopping acionado (patience=10) em epoch 13 | best=3
2026-02-18 09:06:28,723 | INFO | Fold 3: treino inner concluído em 25.4min | best_epoch(inner)=3 | epochs_ran=13
2026-02-18 09:06:28,724 | INFO | Fold 3: etapa retrain outer-train por 3 epochs...
2026-02-18 09:08:27,071 | INFO | [Fold 3] [Retrain] Epoch 1/3 | train_loss=0.6431 | train_auc=0.7730 | dt=117.9s
2026-02-18 09:10:25,084 | INFO | [Fold 3] [Retrain] Epoch 2/3 | train_loss=0.5300 | train_auc=0.8562 | dt=118.0s
2026-02-18 09:12:23,086 | INFO | [Fold 3] [Retrain] Epoch 3/3 | train_loss=0.4470 | train_auc=0.9012 | dt=118.0s
2026-02-18 09:12:23,087 | INFO | Fold 3: retrain concluído em 5.9min
2026-02-18 09:12:23,087 | INFO | Fold 3: etapa avaliação outer-test (unseen data)...
2026-02-18 09:12:51,057 | INFO | [Fold 3] Outer-test | loss=0.5322 | auc=0.8882 | acc=0.7445 | f1=0.7603
2026-02-18 09:12:51,057 | INFO | Fold 3: avaliação concluída em 0.5min
2026-02-18 09:12:51,057 | INFO | Fold 3/5 finalizado | tempo_fold=31.8min | elapsed=116.5min | ETA_restante≈75.5min
2026-02-18 09:12:51,057 | INFO | Fold 4/5 | outer_train=2381 outer_test=595
2026-02-18 09:12:51,059 | INFO | Fold 4: etapa inner split (inner_val_frac=0.15)...
2026-02-18 09:12:51,060 | INFO | Fold 4: inner split concluído em 0.0min | inner_train=2023 inner_val=358
2026-02-18 09:12:51,060 | INFO | Fold 4: etapa oversampling (treino) | enabled=True...
2026-02-18 09:12:51,061 | INFO | Fold 4: oversampling concluído em 0.0min | inner_train_os=2254
2026-02-18 09:12:51,062 | INFO | Fold 4: etapa criando DataLoaders (train/inner_val/outer_test)...
2026-02-18 09:12:51,062 | INFO | Fold 4: DataLoaders prontos em 0.0min
2026-02-18 09:12:51,062 | INFO | Fold 4: etapa treino inner (early stopping) | pretrained=True amp=True multi_gpu=True
2026-02-18 09:14:48,819 | INFO | [Fold 4] Epoch 1/60 | train_loss=0.6283 | val_loss=0.5258 | val_auc=0.8667 | dt=117.3s | ETA=115.4min
2026-02-18 09:16:46,227 | INFO | [Fold 4] Epoch 2/60 | train_loss=0.5314 | val_loss=0.8486 | val_auc=0.8833 | dt=117.3s | ETA=113.4min
2026-02-18 09:18:43,552 | INFO | [Fold 4] Epoch 3/60 | train_loss=0.4741 | val_loss=0.4950 | val_auc=0.9154 | dt=117.3s | ETA=111.5min
2026-02-18 09:20:41,138 | INFO | [Fold 4] Epoch 4/60 | train_loss=0.4190 | val_loss=0.4991 | val_auc=0.9189 | dt=117.4s | ETA=109.5min
2026-02-18 09:22:38,498 | INFO | [Fold 4] Epoch 5/60 | train_loss=0.3192 | val_loss=0.4403 | val_auc=0.9042 | dt=117.4s | ETA=107.6min
2026-02-18 09:24:35,983 | INFO | [Fold 4] Epoch 6/60 | train_loss=0.2145 | val_loss=0.6003 | val_auc=0.8735 | dt=117.3s | ETA=105.6min
2026-02-18 09:26:33,353 | INFO | [Fold 4] Epoch 7/60 | train_loss=0.1743 | val_loss=0.4168 | val_auc=0.9250 | dt=117.4s | ETA=103.7min
2026-02-18 09:28:30,728 | INFO | [Fold 4] Epoch 8/60 | train_loss=0.1256 | val_loss=0.5880 | val_auc=0.8999 | dt=117.2s | ETA=101.7min
2026-02-18 09:30:27,917 | INFO | [Fold 4] Epoch 9/60 | train_loss=0.0853 | val_loss=0.5031 | val_auc=0.9100 | dt=117.2s | ETA=99.7min
2026-02-18 09:32:25,081 | INFO | [Fold 4] Epoch 10/60 | train_loss=0.0650 | val_loss=0.7069 | val_auc=0.8966 | dt=117.2s | ETA=97.8min
2026-02-18 09:34:22,274 | INFO | [Fold 4] Epoch 11/60 | train_loss=0.0641 | val_loss=0.7510 | val_auc=0.9083 | dt=117.2s | ETA=95.8min
2026-02-18 09:36:19,442 | INFO | [Fold 4] Epoch 12/60 | train_loss=0.0697 | val_loss=1.8195 | val_auc=0.8924 | dt=117.2s | ETA=93.8min
2026-02-18 09:38:16,527 | INFO | [Fold 4] Epoch 13/60 | train_loss=0.0443 | val_loss=0.6616 | val_auc=0.8963 | dt=117.1s | ETA=91.9min
2026-02-18 09:40:13,609 | INFO | [Fold 4] Epoch 14/60 | train_loss=0.0206 | val_loss=0.6749 | val_auc=0.9046 | dt=117.1s | ETA=89.9min
2026-02-18 09:42:10,530 | INFO | [Fold 4] Epoch 15/60 | train_loss=0.0057 | val_loss=0.7795 | val_auc=0.9023 | dt=116.9s | ETA=87.9min
2026-02-18 09:44:07,664 | INFO | [Fold 4] Epoch 16/60 | train_loss=0.0675 | val_loss=1.1105 | val_auc=0.9085 | dt=117.1s | ETA=86.0min
2026-02-18 09:46:04,760 | INFO | [Fold 4] Epoch 17/60 | train_loss=0.0494 | val_loss=0.6716 | val_auc=0.8985 | dt=117.1s | ETA=84.0min
2026-02-18 09:46:04,760 | INFO | [Fold 4] Early stopping acionado (patience=10) em epoch 17 | best=7
2026-02-18 09:46:04,761 | INFO | Fold 4: treino inner concluído em 33.2min | best_epoch(inner)=7 | epochs_ran=17
2026-02-18 09:46:04,761 | INFO | Fold 4: etapa retrain outer-train por 7 epochs...
2026-02-18 09:48:03,267 | INFO | [Fold 4] [Retrain] Epoch 1/7 | train_loss=0.6422 | train_auc=0.7700 | dt=118.1s
2026-02-18 09:50:01,420 | INFO | [Fold 4] [Retrain] Epoch 2/7 | train_loss=0.5388 | train_auc=0.8511 | dt=118.2s
2026-02-18 09:51:59,604 | INFO | [Fold 4] [Retrain] Epoch 3/7 | train_loss=0.4709 | train_auc=0.8893 | dt=118.2s
2026-02-18 09:53:57,651 | INFO | [Fold 4] [Retrain] Epoch 4/7 | train_loss=0.3898 | train_auc=0.9258 | dt=118.0s
2026-02-18 09:55:55,774 | INFO | [Fold 4] [Retrain] Epoch 5/7 | train_loss=0.3137 | train_auc=0.9523 | dt=118.1s
2026-02-18 09:57:53,831 | INFO | [Fold 4] [Retrain] Epoch 6/7 | train_loss=0.2260 | train_auc=0.9756 | dt=118.1s
2026-02-18 09:59:51,923 | INFO | [Fold 4] [Retrain] Epoch 7/7 | train_loss=0.1788 | train_auc=0.9844 | dt=118.1s
2026-02-18 09:59:51,924 | INFO | Fold 4: retrain concluído em 13.8min
2026-02-18 09:59:51,924 | INFO | Fold 4: etapa avaliação outer-test (unseen data)...
2026-02-18 10:00:19,869 | INFO | [Fold 4] Outer-test | loss=0.5066 | auc=0.8946 | acc=0.8017 | f1=0.7930
2026-02-18 10:00:19,869 | INFO | Fold 4: avaliação concluída em 0.5min
2026-02-18 10:00:19,869 | INFO | Fold 4/5 finalizado | tempo_fold=47.5min | elapsed=164.0min | ETA_restante≈39.4min
2026-02-18 10:00:19,870 | INFO | Fold 5/5 | outer_train=2381 outer_test=595
2026-02-18 10:00:19,871 | INFO | Fold 5: etapa inner split (inner_val_frac=0.15)...
2026-02-18 10:00:19,873 | INFO | Fold 5: inner split concluído em 0.0min | inner_train=2023 inner_val=358
2026-02-18 10:00:19,873 | INFO | Fold 5: etapa oversampling (treino) | enabled=True...
2026-02-18 10:00:19,874 | INFO | Fold 5: oversampling concluído em 0.0min | inner_train_os=2256
2026-02-18 10:00:19,874 | INFO | Fold 5: etapa criando DataLoaders (train/inner_val/outer_test)...
2026-02-18 10:00:19,874 | INFO | Fold 5: DataLoaders prontos em 0.0min
2026-02-18 10:00:19,874 | INFO | Fold 5: etapa treino inner (early stopping) | pretrained=True amp=True multi_gpu=True
2026-02-18 10:02:17,892 | INFO | [Fold 5] Epoch 1/60 | train_loss=0.6472 | val_loss=0.5336 | val_auc=0.8809 | dt=117.6s | ETA=115.6min
2026-02-18 10:04:15,522 | INFO | [Fold 5] Epoch 2/60 | train_loss=0.5396 | val_loss=0.6386 | val_auc=0.8588 | dt=117.5s | ETA=113.6min
2026-02-18 10:06:13,239 | INFO | [Fold 5] Epoch 3/60 | train_loss=0.4560 | val_loss=0.4708 | val_auc=0.8918 | dt=117.7s | ETA=111.7min
2026-02-18 10:08:10,973 | INFO | [Fold 5] Epoch 4/60 | train_loss=0.3653 | val_loss=0.7137 | val_auc=0.9121 | dt=117.6s | ETA=109.8min
2026-02-18 10:10:08,609 | INFO | [Fold 5] Epoch 5/60 | train_loss=0.3023 | val_loss=1.2566 | val_auc=0.8965 | dt=117.6s | ETA=107.8min
2026-02-18 10:12:06,106 | INFO | [Fold 5] Epoch 6/60 | train_loss=0.2152 | val_loss=0.4560 | val_auc=0.9080 | dt=117.5s | ETA=105.8min
2026-02-18 10:14:03,749 | INFO | [Fold 5] Epoch 7/60 | train_loss=0.1750 | val_loss=0.5300 | val_auc=0.9156 | dt=117.5s | ETA=103.9min
2026-02-18 10:16:01,262 | INFO | [Fold 5] Epoch 8/60 | train_loss=0.1327 | val_loss=0.6329 | val_auc=0.8971 | dt=117.5s | ETA=101.9min
2026-02-18 10:17:58,704 | INFO | [Fold 5] Epoch 9/60 | train_loss=0.0753 | val_loss=0.5416 | val_auc=0.8978 | dt=117.4s | ETA=99.9min
2026-02-18 10:19:56,152 | INFO | [Fold 5] Epoch 10/60 | train_loss=0.0845 | val_loss=0.6323 | val_auc=0.8825 | dt=117.4s | ETA=98.0min
2026-02-18 10:21:53,655 | INFO | [Fold 5] Epoch 11/60 | train_loss=0.0480 | val_loss=0.6818 | val_auc=0.8978 | dt=117.5s | ETA=96.0min
2026-02-18 10:23:51,087 | INFO | [Fold 5] Epoch 12/60 | train_loss=0.0436 | val_loss=0.6436 | val_auc=0.9028 | dt=117.4s | ETA=94.0min
2026-02-18 10:25:48,531 | INFO | [Fold 5] Epoch 13/60 | train_loss=0.0514 | val_loss=0.6733 | val_auc=0.9012 | dt=117.4s | ETA=92.1min
2026-02-18 10:27:45,890 | INFO | [Fold 5] Epoch 14/60 | train_loss=0.0662 | val_loss=0.6882 | val_auc=0.9059 | dt=117.4s | ETA=90.1min
2026-02-18 10:29:43,246 | INFO | [Fold 5] Epoch 15/60 | train_loss=0.0317 | val_loss=0.7937 | val_auc=0.9186 | dt=117.4s | ETA=88.1min
2026-02-18 10:31:40,534 | INFO | [Fold 5] Epoch 16/60 | train_loss=0.0158 | val_loss=0.7862 | val_auc=0.9004 | dt=117.3s | ETA=86.2min
2026-02-18 10:31:40,534 | INFO | [Fold 5] Early stopping acionado (patience=10) em epoch 16 | best=6
2026-02-18 10:31:40,535 | INFO | Fold 5: treino inner concluído em 31.3min | best_epoch(inner)=6 | epochs_ran=16
2026-02-18 10:31:40,535 | INFO | Fold 5: etapa retrain outer-train por 6 epochs...
2026-02-18 10:33:39,364 | INFO | [Fold 5] [Retrain] Epoch 1/6 | train_loss=0.6560 | train_auc=0.7568 | dt=118.4s
2026-02-18 10:35:37,698 | INFO | [Fold 5] [Retrain] Epoch 2/6 | train_loss=0.5504 | train_auc=0.8449 | dt=118.3s
2026-02-18 10:37:35,963 | INFO | [Fold 5] [Retrain] Epoch 3/6 | train_loss=0.4563 | train_auc=0.8964 | dt=118.3s
2026-02-18 10:39:34,271 | INFO | [Fold 5] [Retrain] Epoch 4/6 | train_loss=0.3954 | train_auc=0.9234 | dt=118.3s
2026-02-18 10:41:32,617 | INFO | [Fold 5] [Retrain] Epoch 5/6 | train_loss=0.2796 | train_auc=0.9618 | dt=118.3s
2026-02-18 10:43:30,964 | INFO | [Fold 5] [Retrain] Epoch 6/6 | train_loss=0.2225 | train_auc=0.9765 | dt=118.3s
2026-02-18 10:43:30,965 | INFO | Fold 5: retrain concluído em 11.8min
2026-02-18 10:43:30,965 | INFO | Fold 5: etapa avaliação outer-test (unseen data)...
2026-02-18 10:43:58,947 | INFO | [Fold 5] Outer-test | loss=0.5012 | auc=0.9118 | acc=0.8050 | f1=0.8047
2026-02-18 10:43:58,948 | INFO | Fold 5: avaliação concluída em 0.5min
2026-02-18 10:43:58,961 | INFO | Fold 5/5 finalizado | tempo_fold=43.7min | elapsed=207.6min | ETA_restante≈0.0min
2026-02-18 10:43:58,961 | INFO | Etapa: agregando métricas e gerando summary.json...
2026-02-18 10:43:58,962 | INFO | Experimento finalizado em 207.6min | AUC mean=0.9011 std=0.0100
