2026-02-20 05:04:57,105 | INFO | Run dir: /home/thalles.fontainha/2026-2/results/EX4/20260220-050457
2026-02-20 05:04:57,105 | INFO | Device: cuda
2026-02-20 05:04:57,105 | INFO | CUDA available: True
2026-02-20 05:04:57,128 | INFO | CUDA device_count: 2
2026-02-20 05:04:57,136 | INFO | GPU 0: NVIDIA GeForce RTX 2080 Ti
2026-02-20 05:04:57,136 | INFO | GPU 1: NVIDIA GeForce RTX 2080 Ti
2026-02-20 05:04:57,136 | INFO | Config multi_gpu=True | gpu_ids=(0, 1) | batch_size=32 | num_workers=4
2026-02-20 05:04:57,136 | INFO | Etapa: copiando snapshot do código (.py) para auditoria...
2026-02-20 05:04:57,182 | INFO | Snapshot concluído em 0.0min
2026-02-20 05:04:57,182 | INFO | Etapa: carregando dataset base (sem transforms)...
2026-02-20 05:05:28,476 | INFO | Dataset carregado em 0.5min | N=2976 | pos=1317 neg=1659
2026-02-20 05:05:28,476 | INFO | Etapa: construindo preprocess (CPU) + augmentation_fn (GPU, só treino)...
2026-02-20 05:05:28,477 | INFO | Preprocess/aug_fn prontos em 0.0min | aug_profile=none | augmentation=False
2026-02-20 05:05:28,477 | INFO | Etapa: gerando outer folds (n_splits=5)...
2026-02-20 05:05:28,478 | INFO | Outer folds prontos em 0.0min
2026-02-20 05:05:28,478 | INFO | Fold 1/5 | outer_train=2380 outer_test=596
2026-02-20 05:05:28,479 | INFO | Fold 1: etapa inner split (inner_val_frac=0.15)...
2026-02-20 05:05:28,481 | INFO | Fold 1: inner split concluído em 0.0min | inner_train=2023 inner_val=357
2026-02-20 05:05:28,481 | INFO | Fold 1: etapa oversampling (treino) | enabled=False...
2026-02-20 05:05:28,481 | INFO | Fold 1: oversampling concluído em 0.0min | inner_train_os=2023
2026-02-20 05:05:28,481 | INFO | Fold 1: etapa criando DataLoaders (train/inner_val/outer_test)...
2026-02-20 05:05:28,481 | INFO | Fold 1: DataLoaders prontos em 0.0min
2026-02-20 05:05:28,481 | INFO | Fold 1: treino inner (early stopping) | pretrained=True amp=True multi_gpu=True gpu_ids=(0, 1)
2026-02-20 05:06:42,374 | INFO | [Fold 1] Epoch 1/60 | train_loss=0.5694 | val_loss=0.5046 | val_auc=0.8664 | dt=73.4s | ETA=72.1min
2026-02-20 05:07:51,870 | INFO | [Fold 1] Epoch 2/60 | train_loss=0.2748 | val_loss=0.9342 | val_auc=0.8443 | dt=69.4s | ETA=69.0min
2026-02-20 05:08:59,811 | INFO | [Fold 1] Epoch 3/60 | train_loss=0.1210 | val_loss=1.2544 | val_auc=0.8692 | dt=67.9s | ETA=66.7min
2026-02-20 05:10:09,833 | INFO | [Fold 1] Epoch 4/60 | train_loss=0.0668 | val_loss=1.2375 | val_auc=0.8697 | dt=70.0s | ETA=65.5min
2026-02-20 05:11:19,744 | INFO | [Fold 1] Epoch 5/60 | train_loss=0.0477 | val_loss=0.7901 | val_auc=0.8958 | dt=69.9s | ETA=64.3min
2026-02-20 05:12:27,808 | INFO | [Fold 1] Epoch 6/60 | train_loss=0.0165 | val_loss=0.5537 | val_auc=0.8974 | dt=68.1s | ETA=62.8min
2026-02-20 05:13:35,412 | INFO | [Fold 1] Epoch 7/60 | train_loss=0.0119 | val_loss=2.3085 | val_auc=0.8788 | dt=67.6s | ETA=61.4min
2026-02-20 05:14:42,713 | INFO | [Fold 1] Epoch 8/60 | train_loss=0.0158 | val_loss=2.2835 | val_auc=0.8918 | dt=67.3s | ETA=60.0min
2026-02-20 05:15:50,276 | INFO | [Fold 1] Epoch 9/60 | train_loss=0.0286 | val_loss=2.4733 | val_auc=0.8900 | dt=67.6s | ETA=58.7min
2026-02-20 05:16:58,865 | INFO | [Fold 1] Epoch 10/60 | train_loss=0.0297 | val_loss=0.6900 | val_auc=0.8898 | dt=68.6s | ETA=57.5min
2026-02-20 05:18:07,544 | INFO | [Fold 1] Epoch 11/60 | train_loss=0.0155 | val_loss=0.6168 | val_auc=0.8965 | dt=68.7s | ETA=56.3min
2026-02-20 05:18:07,545 | INFO | [Fold 1] Early stopping (patience=10) em epoch 11 | best=1
2026-02-20 05:18:07,545 | INFO | Fold 1: treino inner concluído em 12.7min | best_epoch(inner)=1 | epochs_ran=11
2026-02-20 05:18:07,545 | INFO | Fold 1: etapa retrain outer-train por 1 epochs...
2026-02-20 05:19:23,104 | INFO | [Fold 1] [Retrain] Epoch 1/1 | train_loss=0.5638 | dt=75.2s
2026-02-20 05:19:23,104 | INFO | Fold 1: retrain concluído em 1.3min
2026-02-20 05:19:23,104 | INFO | Fold 1: etapa avaliação outer-test (unseen data)...
2026-02-20 05:19:33,535 | INFO | [Fold 1] Outer-test | loss=0.5140 | auc=0.8955 | acc=0.7718 | f1=0.7785
2026-02-20 05:19:33,536 | INFO | Fold 1: avaliação concluída em 0.2min
2026-02-20 05:19:33,536 | INFO | Fold 1/5 finalizado | tempo_fold=14.1min | elapsed=14.6min | ETA_restante≈55.8min
2026-02-20 05:19:33,536 | INFO | Fold 2/5 | outer_train=2381 outer_test=595
2026-02-20 05:19:33,537 | INFO | Fold 2: etapa inner split (inner_val_frac=0.15)...
2026-02-20 05:19:33,539 | INFO | Fold 2: inner split concluído em 0.0min | inner_train=2023 inner_val=358
2026-02-20 05:19:33,539 | INFO | Fold 2: etapa oversampling (treino) | enabled=False...
2026-02-20 05:19:33,539 | INFO | Fold 2: oversampling concluído em 0.0min | inner_train_os=2023
2026-02-20 05:19:33,539 | INFO | Fold 2: etapa criando DataLoaders (train/inner_val/outer_test)...
2026-02-20 05:19:33,758 | INFO | Fold 2: DataLoaders prontos em 0.0min
2026-02-20 05:19:33,758 | INFO | Fold 2: treino inner (early stopping) | pretrained=True amp=True multi_gpu=True gpu_ids=(0, 1)
2026-02-20 05:20:43,238 | INFO | [Fold 2] Epoch 1/60 | train_loss=0.5498 | val_loss=0.5329 | val_auc=0.8659 | dt=69.1s | ETA=67.9min
2026-02-20 05:21:51,330 | INFO | [Fold 2] Epoch 2/60 | train_loss=0.2820 | val_loss=2.1582 | val_auc=0.8317 | dt=68.0s | ETA=66.3min
2026-02-20 05:22:59,984 | INFO | [Fold 2] Epoch 3/60 | train_loss=0.1149 | val_loss=2.6447 | val_auc=0.8499 | dt=68.7s | ETA=65.2min
2026-02-20 05:24:08,631 | INFO | [Fold 2] Epoch 4/60 | train_loss=0.0827 | val_loss=1.0404 | val_auc=0.8757 | dt=68.6s | ETA=64.0min
2026-02-20 05:25:15,779 | INFO | [Fold 2] Epoch 5/60 | train_loss=0.0499 | val_loss=0.6981 | val_auc=0.8824 | dt=67.1s | ETA=62.6min
2026-02-20 05:26:24,710 | INFO | [Fold 2] Epoch 6/60 | train_loss=0.0354 | val_loss=3.3813 | val_auc=0.8382 | dt=68.9s | ETA=61.6min
2026-02-20 05:27:32,926 | INFO | [Fold 2] Epoch 7/60 | train_loss=0.0423 | val_loss=0.8087 | val_auc=0.8829 | dt=68.2s | ETA=60.4min
2026-02-20 05:28:42,261 | INFO | [Fold 2] Epoch 8/60 | train_loss=0.0337 | val_loss=0.5518 | val_auc=0.8947 | dt=69.3s | ETA=59.4min
2026-02-20 05:29:51,458 | INFO | [Fold 2] Epoch 9/60 | train_loss=0.0169 | val_loss=0.6434 | val_auc=0.8885 | dt=69.2s | ETA=58.3min
2026-02-20 05:30:59,502 | INFO | [Fold 2] Epoch 10/60 | train_loss=0.0100 | val_loss=0.9881 | val_auc=0.8984 | dt=68.0s | ETA=57.1min
2026-02-20 05:32:07,051 | INFO | [Fold 2] Epoch 11/60 | train_loss=0.0168 | val_loss=1.4782 | val_auc=0.8784 | dt=67.5s | ETA=55.9min
2026-02-20 05:32:07,051 | INFO | [Fold 2] Early stopping (patience=10) em epoch 11 | best=1
2026-02-20 05:32:07,052 | INFO | Fold 2: treino inner concluído em 12.6min | best_epoch(inner)=1 | epochs_ran=11
2026-02-20 05:32:07,052 | INFO | Fold 2: etapa retrain outer-train por 1 epochs...
2026-02-20 05:33:23,452 | INFO | [Fold 2] [Retrain] Epoch 1/1 | train_loss=0.5585 | dt=76.0s
2026-02-20 05:33:23,453 | INFO | Fold 2: retrain concluído em 1.3min
2026-02-20 05:33:23,453 | INFO | Fold 2: etapa avaliação outer-test (unseen data)...
2026-02-20 05:33:32,147 | INFO | [Fold 2] Outer-test | loss=0.7299 | auc=0.9122 | acc=0.6874 | f1=0.7335
2026-02-20 05:33:32,147 | INFO | Fold 2: avaliação concluída em 0.1min
2026-02-20 05:33:32,148 | INFO | Fold 2/5 finalizado | tempo_fold=14.0min | elapsed=28.6min | ETA_restante≈41.6min
2026-02-20 05:33:32,148 | INFO | Fold 3/5 | outer_train=2381 outer_test=595
2026-02-20 05:33:32,149 | INFO | Fold 3: etapa inner split (inner_val_frac=0.15)...
2026-02-20 05:33:32,151 | INFO | Fold 3: inner split concluído em 0.0min | inner_train=2023 inner_val=358
2026-02-20 05:33:32,151 | INFO | Fold 3: etapa oversampling (treino) | enabled=False...
2026-02-20 05:33:32,151 | INFO | Fold 3: oversampling concluído em 0.0min | inner_train_os=2023
2026-02-20 05:33:32,151 | INFO | Fold 3: etapa criando DataLoaders (train/inner_val/outer_test)...
2026-02-20 05:33:32,370 | INFO | Fold 3: DataLoaders prontos em 0.0min
2026-02-20 05:33:32,370 | INFO | Fold 3: treino inner (early stopping) | pretrained=True amp=True multi_gpu=True gpu_ids=(0, 1)
2026-02-20 05:37:02,189 | INFO | [Fold 3] Epoch 1/60 | train_loss=0.5552 | val_loss=0.4617 | val_auc=0.9077 | dt=209.4s | ETA=205.9min
2026-02-20 05:39:43,404 | INFO | [Fold 3] Epoch 2/60 | train_loss=0.2943 | val_loss=0.8012 | val_auc=0.8877 | dt=161.1s | ETA=179.1min
2026-02-20 05:42:24,293 | INFO | [Fold 3] Epoch 3/60 | train_loss=0.1282 | val_loss=0.5576 | val_auc=0.8968 | dt=160.9s | ETA=168.3min
2026-02-20 05:45:06,031 | INFO | [Fold 3] Epoch 4/60 | train_loss=0.0731 | val_loss=0.5815 | val_auc=0.9209 | dt=161.7s | ETA=161.7min
2026-02-20 05:47:47,635 | INFO | [Fold 3] Epoch 5/60 | train_loss=0.0356 | val_loss=1.2411 | val_auc=0.9049 | dt=161.6s | ETA=156.7min
2026-02-20 05:50:27,821 | INFO | [Fold 3] Epoch 6/60 | train_loss=0.0297 | val_loss=0.7794 | val_auc=0.9057 | dt=160.2s | ETA=152.2min
2026-02-20 05:53:07,742 | INFO | [Fold 3] Epoch 7/60 | train_loss=0.0116 | val_loss=0.5491 | val_auc=0.9171 | dt=159.9s | ETA=148.3min
2026-02-20 05:55:47,917 | INFO | [Fold 3] Epoch 8/60 | train_loss=0.0064 | val_loss=1.6185 | val_auc=0.9005 | dt=160.2s | ETA=144.6min
2026-02-20 05:58:29,205 | INFO | [Fold 3] Epoch 9/60 | train_loss=0.0176 | val_loss=0.6363 | val_auc=0.9120 | dt=161.3s | ETA=141.3min
2026-02-20 06:01:09,257 | INFO | [Fold 3] Epoch 10/60 | train_loss=0.0276 | val_loss=1.0112 | val_auc=0.8814 | dt=160.1s | ETA=138.0min
2026-02-20 06:03:49,638 | INFO | [Fold 3] Epoch 11/60 | train_loss=0.0231 | val_loss=0.7149 | val_auc=0.9047 | dt=160.4s | ETA=134.9min
2026-02-20 06:03:49,639 | INFO | [Fold 3] Early stopping (patience=10) em epoch 11 | best=1
2026-02-20 06:03:49,639 | INFO | Fold 3: treino inner concluído em 30.3min | best_epoch(inner)=1 | epochs_ran=11
2026-02-20 06:03:49,639 | INFO | Fold 3: etapa retrain outer-train por 1 epochs...
2026-02-20 06:06:53,216 | INFO | [Fold 3] [Retrain] Epoch 1/1 | train_loss=0.5475 | dt=183.1s
2026-02-20 06:06:53,217 | INFO | Fold 3: retrain concluído em 3.1min
2026-02-20 06:06:53,217 | INFO | Fold 3: etapa avaliação outer-test (unseen data)...
2026-02-20 06:07:00,073 | INFO | [Fold 3] Outer-test | loss=1.2445 | auc=0.8636 | acc=0.6672 | f1=0.4000
2026-02-20 06:07:00,073 | INFO | Fold 3: avaliação concluída em 0.1min
2026-02-20 06:07:00,073 | INFO | Fold 3/5 finalizado | tempo_fold=33.5min | elapsed=62.0min | ETA_restante≈40.5min
2026-02-20 06:07:00,073 | INFO | Fold 4/5 | outer_train=2381 outer_test=595
2026-02-20 06:07:00,074 | INFO | Fold 4: etapa inner split (inner_val_frac=0.15)...
2026-02-20 06:07:00,079 | INFO | Fold 4: inner split concluído em 0.0min | inner_train=2023 inner_val=358
2026-02-20 06:07:00,080 | INFO | Fold 4: etapa oversampling (treino) | enabled=False...
2026-02-20 06:07:00,080 | INFO | Fold 4: oversampling concluído em 0.0min | inner_train_os=2023
2026-02-20 06:07:00,080 | INFO | Fold 4: etapa criando DataLoaders (train/inner_val/outer_test)...
2026-02-20 06:07:00,313 | INFO | Fold 4: DataLoaders prontos em 0.0min
2026-02-20 06:07:00,314 | INFO | Fold 4: treino inner (early stopping) | pretrained=True amp=True multi_gpu=True gpu_ids=(0, 1)
2026-02-20 06:09:41,526 | INFO | [Fold 4] Epoch 1/60 | train_loss=0.5687 | val_loss=0.6294 | val_auc=0.8907 | dt=160.8s | ETA=158.1min
2026-02-20 06:12:21,707 | INFO | [Fold 4] Epoch 2/60 | train_loss=0.3038 | val_loss=0.4721 | val_auc=0.8988 | dt=160.1s | ETA=155.1min
2026-02-20 06:15:02,057 | INFO | [Fold 4] Epoch 3/60 | train_loss=0.1076 | val_loss=0.5437 | val_auc=0.9020 | dt=160.2s | ETA=152.4min
2026-02-20 06:17:42,722 | INFO | [Fold 4] Epoch 4/60 | train_loss=0.0516 | val_loss=0.9454 | val_auc=0.9087 | dt=160.7s | ETA=149.7min
2026-02-20 06:20:22,598 | INFO | [Fold 4] Epoch 5/60 | train_loss=0.0479 | val_loss=1.4532 | val_auc=0.8968 | dt=159.9s | ETA=147.0min
2026-02-20 06:23:02,019 | INFO | [Fold 4] Epoch 6/60 | train_loss=0.0213 | val_loss=0.7580 | val_auc=0.9075 | dt=159.4s | ETA=144.2min
2026-02-20 06:25:41,569 | INFO | [Fold 4] Epoch 7/60 | train_loss=0.0150 | val_loss=0.6430 | val_auc=0.9072 | dt=159.6s | ETA=141.4min
2026-02-20 06:28:20,955 | INFO | [Fold 4] Epoch 8/60 | train_loss=0.0093 | val_loss=0.5865 | val_auc=0.9077 | dt=159.4s | ETA=138.7min
2026-02-20 06:31:00,272 | INFO | [Fold 4] Epoch 9/60 | train_loss=0.0109 | val_loss=1.4580 | val_auc=0.9036 | dt=159.3s | ETA=135.9min
2026-02-20 06:33:40,257 | INFO | [Fold 4] Epoch 10/60 | train_loss=0.0239 | val_loss=0.5871 | val_auc=0.9166 | dt=160.0s | ETA=133.3min
2026-02-20 06:36:19,981 | INFO | [Fold 4] Epoch 11/60 | train_loss=0.0202 | val_loss=0.7102 | val_auc=0.9063 | dt=159.7s | ETA=130.6min
2026-02-20 06:39:00,434 | INFO | [Fold 4] Epoch 12/60 | train_loss=0.0254 | val_loss=1.4523 | val_auc=0.8924 | dt=160.5s | ETA=128.0min
2026-02-20 06:39:00,434 | INFO | [Fold 4] Early stopping (patience=10) em epoch 12 | best=2
2026-02-20 06:39:00,435 | INFO | Fold 4: treino inner concluído em 32.0min | best_epoch(inner)=2 | epochs_ran=12
2026-02-20 06:39:00,435 | INFO | Fold 4: etapa retrain outer-train por 2 epochs...
2026-02-20 06:42:04,439 | INFO | [Fold 4] [Retrain] Epoch 1/2 | train_loss=0.5569 | dt=183.6s
2026-02-20 06:45:07,390 | INFO | [Fold 4] [Retrain] Epoch 2/2 | train_loss=0.3239 | dt=183.0s
2026-02-20 06:45:07,391 | INFO | Fold 4: retrain concluído em 6.1min
2026-02-20 06:45:07,391 | INFO | Fold 4: etapa avaliação outer-test (unseen data)...
2026-02-20 06:45:14,151 | INFO | [Fold 4] Outer-test | loss=0.5297 | auc=0.9049 | acc=0.8050 | f1=0.7979
2026-02-20 06:45:14,151 | INFO | Fold 4: avaliação concluída em 0.1min
2026-02-20 06:45:14,151 | INFO | Fold 4/5 finalizado | tempo_fold=38.2min | elapsed=100.3min | ETA_restante≈24.4min
2026-02-20 06:45:14,151 | INFO | Fold 5/5 | outer_train=2381 outer_test=595
2026-02-20 06:45:14,152 | INFO | Fold 5: etapa inner split (inner_val_frac=0.15)...
2026-02-20 06:45:14,154 | INFO | Fold 5: inner split concluído em 0.0min | inner_train=2023 inner_val=358
2026-02-20 06:45:14,154 | INFO | Fold 5: etapa oversampling (treino) | enabled=False...
2026-02-20 06:45:14,154 | INFO | Fold 5: oversampling concluído em 0.0min | inner_train_os=2023
2026-02-20 06:45:14,154 | INFO | Fold 5: etapa criando DataLoaders (train/inner_val/outer_test)...
2026-02-20 06:45:14,353 | INFO | Fold 5: DataLoaders prontos em 0.0min
2026-02-20 06:45:14,354 | INFO | Fold 5: treino inner (early stopping) | pretrained=True amp=True multi_gpu=True gpu_ids=(0, 1)
2026-02-20 06:47:55,841 | INFO | [Fold 5] Epoch 1/60 | train_loss=0.5728 | val_loss=0.5056 | val_auc=0.8956 | dt=161.1s | ETA=158.4min
2026-02-20 06:50:36,573 | INFO | [Fold 5] Epoch 2/60 | train_loss=0.2929 | val_loss=0.7204 | val_auc=0.8846 | dt=160.6s | ETA=155.5min
2026-02-20 06:53:16,916 | INFO | [Fold 5] Epoch 3/60 | train_loss=0.1108 | val_loss=0.7009 | val_auc=0.8890 | dt=160.3s | ETA=152.7min
2026-02-20 06:55:57,068 | INFO | [Fold 5] Epoch 4/60 | train_loss=0.0626 | val_loss=0.7119 | val_auc=0.8899 | dt=160.2s | ETA=149.9min
2026-02-20 06:58:37,956 | INFO | [Fold 5] Epoch 5/60 | train_loss=0.0450 | val_loss=0.6719 | val_auc=0.8841 | dt=160.9s | ETA=147.2min
2026-02-20 07:01:17,951 | INFO | [Fold 5] Epoch 6/60 | train_loss=0.0330 | val_loss=0.7826 | val_auc=0.8927 | dt=160.0s | ETA=144.5min
2026-02-20 07:03:57,966 | INFO | [Fold 5] Epoch 7/60 | train_loss=0.0197 | val_loss=0.7504 | val_auc=0.9081 | dt=160.0s | ETA=141.7min
2026-02-20 07:06:37,521 | INFO | [Fold 5] Epoch 8/60 | train_loss=0.0157 | val_loss=2.2720 | val_auc=0.8647 | dt=159.6s | ETA=139.0min
2026-02-20 07:09:17,879 | INFO | [Fold 5] Epoch 9/60 | train_loss=0.0295 | val_loss=0.7392 | val_auc=0.8992 | dt=160.4s | ETA=136.3min
2026-02-20 07:11:58,072 | INFO | [Fold 5] Epoch 10/60 | train_loss=0.0204 | val_loss=1.4262 | val_auc=0.8957 | dt=160.2s | ETA=133.6min
2026-02-20 07:14:37,344 | INFO | [Fold 5] Epoch 11/60 | train_loss=0.0161 | val_loss=0.7442 | val_auc=0.8866 | dt=159.3s | ETA=130.9min
2026-02-20 07:14:37,344 | INFO | [Fold 5] Early stopping (patience=10) em epoch 11 | best=1
2026-02-20 07:14:37,344 | INFO | Fold 5: treino inner concluído em 29.4min | best_epoch(inner)=1 | epochs_ran=11
2026-02-20 07:14:37,344 | INFO | Fold 5: etapa retrain outer-train por 1 epochs...
2026-02-20 07:17:41,641 | INFO | [Fold 5] [Retrain] Epoch 1/1 | train_loss=0.5578 | dt=183.9s
2026-02-20 07:17:41,643 | INFO | Fold 5: retrain concluído em 3.1min
2026-02-20 07:17:41,643 | INFO | Fold 5: etapa avaliação outer-test (unseen data)...
2026-02-20 07:17:48,710 | INFO | [Fold 5] Outer-test | loss=0.5495 | auc=0.8905 | acc=0.7597 | f1=0.7712
2026-02-20 07:17:48,710 | INFO | Fold 5: avaliação concluída em 0.1min
2026-02-20 07:17:48,711 | INFO | Fold 5/5 finalizado | tempo_fold=32.6min | elapsed=132.9min | ETA_restante≈0.0min
2026-02-20 07:17:48,711 | INFO | Etapa: agregando métricas e gerando summary.json...
2026-02-20 07:17:48,711 | INFO | Experimento finalizado em 132.9min | AUC mean=0.8934 std=0.0186
{'run_dir': '/home/thalles.fontainha/2026-2/results/EX4/20260220-050457', 'summary': {'auc_roc': {'mean': 0.8933554892163091, 'std': 0.01860364145233581, 'n': 5}, 'accuracy': {'mean': 0.7382279623258698, 'std': 0.05847361651545343, 'n': 5}, 'f1_score': {'mean': 0.6962270783261719, 'std': 0.16723554161790968, 'n': 5}, 'precision': {'mean': 0.7320723899389554, 'std': 0.15101307325619698, 'n': 5}, 'recall': {'mean': 0.7826477704804701, 'std': 0.2995178669143272, 'n': 5}, 'n_folds': 5}}
