nohup: ignoring input
2026-02-18 04:44:21,510 | INFO | Run dir: /home/thalles.fontainha/2026-2/results/EX1/20260218-044421
2026-02-18 04:44:21,510 | INFO | Device: cuda
2026-02-18 04:44:21,511 | INFO | CUDA available: True
2026-02-18 04:44:21,534 | INFO | CUDA device_count: 1
2026-02-18 04:44:21,539 | INFO | GPU 0: NVIDIA GeForce RTX 2080 Ti
2026-02-18 04:44:21,539 | INFO | Etapa: copiando snapshot do código (.py) para auditoria...
2026-02-18 04:44:21,551 | INFO | Snapshot concluído em 0.0min
2026-02-18 04:44:21,551 | INFO | Etapa: carregando dataset base (sem transforms)...
2026-02-18 04:45:49,983 | INFO | Dataset carregado em 1.5min | N=2976 | pos=1317 neg=1659
2026-02-18 04:45:49,983 | INFO | Etapa: construindo pipelines de transforms (train vs eval)...
2026-02-18 04:45:49,983 | INFO | Transforms construídos em 0.0min
2026-02-18 04:45:49,983 | INFO | Etapa: gerando outer folds (n_splits=5)...
2026-02-18 04:45:49,984 | INFO | Outer folds prontos em 0.0min
2026-02-18 04:45:49,985 | INFO | Fold 1/5 | outer_train=2380 outer_test=596
2026-02-18 04:45:49,986 | INFO | Fold 1: etapa inner split (inner_val_frac=0.15)...
2026-02-18 04:45:49,988 | INFO | Fold 1: inner split concluído em 0.0min | inner_train=2023 inner_val=357
2026-02-18 04:45:49,988 | INFO | Fold 1: etapa oversampling (treino) | enabled=True...
2026-02-18 04:45:49,989 | INFO | Fold 1: oversampling concluído em 0.0min | inner_train_os=2256
2026-02-18 04:45:49,989 | INFO | Fold 1: etapa criando DataLoaders (train/inner_val/outer_test)...
2026-02-18 04:45:49,989 | INFO | Fold 1: DataLoaders prontos em 0.0min
2026-02-18 04:45:49,990 | INFO | Fold 1: etapa treino inner (early stopping) | pretrained=True amp=True multi_gpu=True
