2026-02-18 20:19:20,425 | INFO | Run dir: /home/thalles.fontainha/2026-2/results/EX10/20260218-201920
2026-02-18 20:19:20,425 | INFO | Device: cuda
2026-02-18 20:19:20,425 | INFO | CUDA available: True
2026-02-18 20:19:20,450 | INFO | CUDA device_count: 2
2026-02-18 20:19:20,460 | INFO | GPU 0: NVIDIA GeForce RTX 2080 Ti
2026-02-18 20:19:20,460 | INFO | GPU 1: NVIDIA GeForce RTX 2080 Ti
2026-02-18 20:19:20,460 | INFO | Config multi_gpu=True | gpu_ids=(0, 1) | batch_size=32 | num_workers=4
2026-02-18 20:19:20,460 | INFO | Etapa: copiando snapshot do código (.py) para auditoria...
2026-02-18 20:19:20,476 | INFO | Snapshot concluído em 0.0min
2026-02-18 20:19:20,476 | INFO | Etapa: carregando dataset base (sem transforms)...
2026-02-18 20:19:34,304 | INFO | Dataset carregado em 0.2min | N=2976 | pos=1317 neg=1659
2026-02-18 20:19:34,304 | INFO | Etapa: construindo preprocess (CPU) + augmentation_fn (GPU, só treino)...
2026-02-18 20:19:34,304 | INFO | Preprocess/aug_fn prontos em 0.0min | aug_profile=strength_L4 | augmentation=True
2026-02-18 20:19:34,304 | INFO | Etapa: gerando outer folds (n_splits=5)...
2026-02-18 20:19:34,305 | INFO | Outer folds prontos em 0.0min
2026-02-18 20:19:34,305 | INFO | Fold 1/5 | outer_train=2380 outer_test=596
2026-02-18 20:19:34,306 | INFO | Fold 1: etapa inner split (inner_val_frac=0.15)...
2026-02-18 20:19:34,308 | INFO | Fold 1: inner split concluído em 0.0min | inner_train=2023 inner_val=357
2026-02-18 20:19:34,308 | INFO | Fold 1: etapa oversampling (treino) | enabled=False...
2026-02-18 20:19:34,308 | INFO | Fold 1: oversampling concluído em 0.0min | inner_train_os=2023
2026-02-18 20:19:34,308 | INFO | Fold 1: etapa criando DataLoaders (train/inner_val/outer_test)...
2026-02-18 20:19:34,309 | INFO | Fold 1: DataLoaders prontos em 0.0min
2026-02-18 20:19:34,309 | INFO | Fold 1: treino inner (early stopping) | pretrained=True amp=True multi_gpu=True gpu_ids=(0, 1)
2026-02-18 20:20:39,490 | INFO | [Fold 1] Epoch 1/60 | train_loss=0.6118 | val_loss=0.5430 | val_auc=0.8666 | dt=64.4s | ETA=63.3min
2026-02-18 20:21:38,642 | INFO | [Fold 1] Epoch 2/60 | train_loss=0.4912 | val_loss=1.1122 | val_auc=0.8645 | dt=59.1s | ETA=59.7min
2026-02-18 20:22:41,903 | INFO | [Fold 1] Epoch 3/60 | train_loss=0.4375 | val_loss=0.4639 | val_auc=0.8809 | dt=63.3s | ETA=59.1min
2026-02-18 20:23:46,173 | INFO | [Fold 1] Epoch 4/60 | train_loss=0.4006 | val_loss=1.4803 | val_auc=0.8829 | dt=64.1s | ETA=58.5min
2026-02-18 20:24:50,957 | INFO | [Fold 1] Epoch 5/60 | train_loss=0.4089 | val_loss=0.5747 | val_auc=0.8886 | dt=64.8s | ETA=57.9min
2026-02-18 20:25:56,551 | INFO | [Fold 1] Epoch 6/60 | train_loss=0.3397 | val_loss=1.2118 | val_auc=0.9036 | dt=65.6s | ETA=57.2min
2026-02-18 20:27:02,421 | INFO | [Fold 1] Epoch 7/60 | train_loss=0.2998 | val_loss=0.6329 | val_auc=0.8795 | dt=65.9s | ETA=56.4min
2026-02-18 20:28:08,977 | INFO | [Fold 1] Epoch 8/60 | train_loss=0.2957 | val_loss=1.7623 | val_auc=0.8679 | dt=66.6s | ETA=55.6min
2026-02-18 20:29:13,962 | INFO | [Fold 1] Epoch 9/60 | train_loss=0.2684 | val_loss=2.3581 | val_auc=0.8797 | dt=65.0s | ETA=54.6min
2026-02-18 20:30:21,172 | INFO | [Fold 1] Epoch 10/60 | train_loss=0.2380 | val_loss=0.5836 | val_auc=0.8763 | dt=67.2s | ETA=53.8min
2026-02-18 20:31:26,666 | INFO | [Fold 1] Epoch 11/60 | train_loss=0.2291 | val_loss=0.4907 | val_auc=0.8976 | dt=65.5s | ETA=52.8min
2026-02-18 20:32:32,537 | INFO | [Fold 1] Epoch 12/60 | train_loss=0.2133 | val_loss=0.6238 | val_auc=0.8825 | dt=65.9s | ETA=51.8min
2026-02-18 20:33:38,417 | INFO | [Fold 1] Epoch 13/60 | train_loss=0.2125 | val_loss=0.6249 | val_auc=0.8615 | dt=65.9s | ETA=50.8min
2026-02-18 20:33:38,418 | INFO | [Fold 1] Early stopping (patience=10) em epoch 13 | best=3
2026-02-18 20:33:38,419 | INFO | Fold 1: treino inner concluído em 14.1min | best_epoch(inner)=3 | epochs_ran=13
2026-02-18 20:33:38,419 | INFO | Fold 1: etapa retrain outer-train por 3 epochs...
2026-02-18 20:34:51,827 | INFO | [Fold 1] [Retrain] Epoch 1/3 | train_loss=0.5984 | dt=73.0s
2026-02-18 20:36:06,675 | INFO | [Fold 1] [Retrain] Epoch 2/3 | train_loss=0.4784 | dt=74.8s
2026-02-18 20:37:20,602 | INFO | [Fold 1] [Retrain] Epoch 3/3 | train_loss=0.4521 | dt=73.9s
2026-02-18 20:37:20,603 | INFO | Fold 1: retrain concluído em 3.7min
2026-02-18 20:37:20,603 | INFO | Fold 1: etapa avaliação outer-test (unseen data)...
2026-02-18 20:37:30,440 | INFO | [Fold 1] Outer-test | loss=0.5421 | auc=0.8854 | acc=0.7735 | f1=0.7746
2026-02-18 20:37:30,441 | INFO | Fold 1: avaliação concluída em 0.2min
2026-02-18 20:37:30,441 | INFO | Fold 1/5 finalizado | tempo_fold=17.9min | elapsed=18.2min | ETA_restante≈71.5min
2026-02-18 20:37:30,441 | INFO | Fold 2/5 | outer_train=2381 outer_test=595
2026-02-18 20:37:30,442 | INFO | Fold 2: etapa inner split (inner_val_frac=0.15)...
2026-02-18 20:37:30,444 | INFO | Fold 2: inner split concluído em 0.0min | inner_train=2023 inner_val=358
2026-02-18 20:37:30,444 | INFO | Fold 2: etapa oversampling (treino) | enabled=False...
2026-02-18 20:37:30,444 | INFO | Fold 2: oversampling concluído em 0.0min | inner_train_os=2023
2026-02-18 20:37:30,444 | INFO | Fold 2: etapa criando DataLoaders (train/inner_val/outer_test)...
2026-02-18 20:37:30,741 | INFO | Fold 2: DataLoaders prontos em 0.0min
2026-02-18 20:37:30,742 | INFO | Fold 2: treino inner (early stopping) | pretrained=True amp=True multi_gpu=True gpu_ids=(0, 1)
2026-02-18 20:38:39,731 | INFO | [Fold 2] Epoch 1/60 | train_loss=0.5931 | val_loss=0.5953 | val_auc=0.8219 | dt=68.6s | ETA=67.5min
2026-02-18 20:39:47,170 | INFO | [Fold 2] Epoch 2/60 | train_loss=0.4953 | val_loss=1.7678 | val_auc=0.8569 | dt=67.3s | ETA=65.7min
2026-02-18 20:40:54,606 | INFO | [Fold 2] Epoch 3/60 | train_loss=0.4320 | val_loss=1.0052 | val_auc=0.8640 | dt=67.4s | ETA=64.4min
2026-02-18 20:42:02,675 | INFO | [Fold 2] Epoch 4/60 | train_loss=0.4088 | val_loss=2.4422 | val_auc=0.8635 | dt=68.1s | ETA=63.3min
2026-02-18 20:43:12,143 | INFO | [Fold 2] Epoch 5/60 | train_loss=0.3905 | val_loss=0.7706 | val_auc=0.8836 | dt=69.5s | ETA=62.5min
2026-02-18 20:44:19,106 | INFO | [Fold 2] Epoch 6/60 | train_loss=0.3400 | val_loss=3.5520 | val_auc=0.8331 | dt=67.0s | ETA=61.2min
2026-02-18 20:45:27,159 | INFO | [Fold 2] Epoch 7/60 | train_loss=0.3350 | val_loss=0.5844 | val_auc=0.8755 | dt=68.1s | ETA=60.1min
2026-02-18 20:46:36,246 | INFO | [Fold 2] Epoch 8/60 | train_loss=0.2895 | val_loss=1.5424 | val_auc=0.8623 | dt=68.9s | ETA=59.0min
2026-02-18 20:47:44,413 | INFO | [Fold 2] Epoch 9/60 | train_loss=0.2962 | val_loss=0.9490 | val_auc=0.8767 | dt=68.2s | ETA=57.9min
2026-02-18 20:48:52,776 | INFO | [Fold 2] Epoch 10/60 | train_loss=0.2441 | val_loss=0.7831 | val_auc=0.8706 | dt=68.4s | ETA=56.8min
2026-02-18 20:50:01,229 | INFO | [Fold 2] Epoch 11/60 | train_loss=0.2188 | val_loss=0.7827 | val_auc=0.8698 | dt=68.5s | ETA=55.7min
2026-02-18 20:51:08,610 | INFO | [Fold 2] Epoch 12/60 | train_loss=0.1834 | val_loss=0.7654 | val_auc=0.8672 | dt=67.4s | ETA=54.5min
2026-02-18 20:52:16,359 | INFO | [Fold 2] Epoch 13/60 | train_loss=0.2100 | val_loss=0.7469 | val_auc=0.8691 | dt=67.7s | ETA=53.3min
2026-02-18 20:53:24,801 | INFO | [Fold 2] Epoch 14/60 | train_loss=0.2145 | val_loss=1.9833 | val_auc=0.8529 | dt=68.4s | ETA=52.2min
2026-02-18 20:54:33,483 | INFO | [Fold 2] Epoch 15/60 | train_loss=0.1915 | val_loss=1.5317 | val_auc=0.8704 | dt=68.7s | ETA=51.1min
2026-02-18 20:55:42,481 | INFO | [Fold 2] Epoch 16/60 | train_loss=0.1523 | val_loss=1.8104 | val_auc=0.8588 | dt=69.0s | ETA=50.0min
2026-02-18 20:56:49,805 | INFO | [Fold 2] Epoch 17/60 | train_loss=0.1353 | val_loss=1.0607 | val_auc=0.8658 | dt=67.3s | ETA=48.8min
2026-02-18 20:56:49,805 | INFO | [Fold 2] Early stopping (patience=10) em epoch 17 | best=7
2026-02-18 20:56:49,806 | INFO | Fold 2: treino inner concluído em 19.3min | best_epoch(inner)=7 | epochs_ran=17
2026-02-18 20:56:49,806 | INFO | Fold 2: etapa retrain outer-train por 7 epochs...
2026-02-18 20:58:05,412 | INFO | [Fold 2] [Retrain] Epoch 1/7 | train_loss=0.5942 | dt=75.1s
2026-02-18 20:59:20,629 | INFO | [Fold 2] [Retrain] Epoch 2/7 | train_loss=0.4922 | dt=75.2s
2026-02-18 21:00:36,274 | INFO | [Fold 2] [Retrain] Epoch 3/7 | train_loss=0.4558 | dt=75.6s
2026-02-18 21:01:52,136 | INFO | [Fold 2] [Retrain] Epoch 4/7 | train_loss=0.4222 | dt=75.9s
2026-02-18 21:03:06,697 | INFO | [Fold 2] [Retrain] Epoch 5/7 | train_loss=0.3804 | dt=74.6s
2026-02-18 21:04:20,205 | INFO | [Fold 2] [Retrain] Epoch 6/7 | train_loss=0.3851 | dt=73.5s
2026-02-18 21:05:35,036 | INFO | [Fold 2] [Retrain] Epoch 7/7 | train_loss=0.3271 | dt=74.8s
2026-02-18 21:05:35,037 | INFO | Fold 2: retrain concluído em 8.8min
2026-02-18 21:05:35,037 | INFO | Fold 2: etapa avaliação outer-test (unseen data)...
2026-02-18 21:05:43,491 | INFO | [Fold 2] Outer-test | loss=1.5307 | auc=0.9085 | acc=0.5412 | f1=0.6575
2026-02-18 21:05:43,491 | INFO | Fold 2: avaliação concluída em 0.1min
2026-02-18 21:05:43,491 | INFO | Fold 2/5 finalizado | tempo_fold=28.2min | elapsed=46.4min | ETA_restante≈69.0min
2026-02-18 21:05:43,491 | INFO | Fold 3/5 | outer_train=2381 outer_test=595
2026-02-18 21:05:43,493 | INFO | Fold 3: etapa inner split (inner_val_frac=0.15)...
2026-02-18 21:05:43,495 | INFO | Fold 3: inner split concluído em 0.0min | inner_train=2023 inner_val=358
2026-02-18 21:05:43,495 | INFO | Fold 3: etapa oversampling (treino) | enabled=False...
2026-02-18 21:05:43,495 | INFO | Fold 3: oversampling concluído em 0.0min | inner_train_os=2023
2026-02-18 21:05:43,495 | INFO | Fold 3: etapa criando DataLoaders (train/inner_val/outer_test)...
2026-02-18 21:05:43,820 | INFO | Fold 3: DataLoaders prontos em 0.0min
2026-02-18 21:05:43,820 | INFO | Fold 3: treino inner (early stopping) | pretrained=True amp=True multi_gpu=True gpu_ids=(0, 1)
2026-02-18 21:08:51,907 | INFO | [Fold 3] Epoch 1/60 | train_loss=0.6161 | val_loss=1.7982 | val_auc=0.8725 | dt=187.7s | ETA=184.6min
2026-02-18 21:11:29,572 | INFO | [Fold 3] Epoch 2/60 | train_loss=0.5022 | val_loss=0.6334 | val_auc=0.9178 | dt=157.6s | ETA=166.9min
2026-02-18 21:14:08,352 | INFO | [Fold 3] Epoch 3/60 | train_loss=0.4707 | val_loss=0.4908 | val_auc=0.9121 | dt=158.6s | ETA=159.6min
2026-02-18 21:16:46,376 | INFO | [Fold 3] Epoch 4/60 | train_loss=0.4206 | val_loss=0.5825 | val_auc=0.9213 | dt=157.9s | ETA=154.4min
2026-02-18 21:19:24,429 | INFO | [Fold 3] Epoch 5/60 | train_loss=0.4204 | val_loss=0.7105 | val_auc=0.8936 | dt=158.1s | ETA=150.3min
2026-02-18 21:22:02,640 | INFO | [Fold 3] Epoch 6/60 | train_loss=0.3768 | val_loss=0.5791 | val_auc=0.8898 | dt=158.2s | ETA=146.7min
2026-02-18 21:24:40,671 | INFO | [Fold 3] Epoch 7/60 | train_loss=0.3594 | val_loss=2.3841 | val_auc=0.9072 | dt=158.0s | ETA=143.4min
2026-02-18 21:27:18,029 | INFO | [Fold 3] Epoch 8/60 | train_loss=0.3097 | val_loss=0.5445 | val_auc=0.9060 | dt=157.4s | ETA=140.1min
2026-02-18 21:29:55,233 | INFO | [Fold 3] Epoch 9/60 | train_loss=0.2862 | val_loss=0.7060 | val_auc=0.9220 | dt=157.2s | ETA=137.0min
2026-02-18 21:32:32,458 | INFO | [Fold 3] Epoch 10/60 | train_loss=0.2764 | val_loss=0.7541 | val_auc=0.8851 | dt=157.2s | ETA=134.0min
2026-02-18 21:35:10,126 | INFO | [Fold 3] Epoch 11/60 | train_loss=0.2240 | val_loss=0.8550 | val_auc=0.9146 | dt=157.7s | ETA=131.1min
2026-02-18 21:37:48,073 | INFO | [Fold 3] Epoch 12/60 | train_loss=0.2242 | val_loss=0.5279 | val_auc=0.9216 | dt=157.9s | ETA=128.2min
2026-02-18 21:40:25,669 | INFO | [Fold 3] Epoch 13/60 | train_loss=0.2217 | val_loss=0.4838 | val_auc=0.9206 | dt=157.6s | ETA=125.4min
2026-02-18 21:43:03,036 | INFO | [Fold 3] Epoch 14/60 | train_loss=0.1747 | val_loss=0.6213 | val_auc=0.9080 | dt=157.2s | ETA=122.6min
2026-02-18 21:45:39,795 | INFO | [Fold 3] Epoch 15/60 | train_loss=0.1422 | val_loss=0.7297 | val_auc=0.9040 | dt=156.8s | ETA=119.8min
2026-02-18 21:48:16,704 | INFO | [Fold 3] Epoch 16/60 | train_loss=0.1935 | val_loss=1.8080 | val_auc=0.8847 | dt=156.9s | ETA=117.0min
2026-02-18 21:50:54,425 | INFO | [Fold 3] Epoch 17/60 | train_loss=0.1975 | val_loss=1.0641 | val_auc=0.9174 | dt=157.7s | ETA=114.2min
2026-02-18 21:53:31,998 | INFO | [Fold 3] Epoch 18/60 | train_loss=0.1390 | val_loss=2.6849 | val_auc=0.9155 | dt=157.6s | ETA=111.5min
2026-02-18 21:56:09,131 | INFO | [Fold 3] Epoch 19/60 | train_loss=0.1365 | val_loss=1.0294 | val_auc=0.9213 | dt=157.1s | ETA=108.8min
2026-02-18 21:58:46,358 | INFO | [Fold 3] Epoch 20/60 | train_loss=0.1659 | val_loss=0.9253 | val_auc=0.9244 | dt=157.2s | ETA=106.1min
2026-02-18 22:01:24,303 | INFO | [Fold 3] Epoch 21/60 | train_loss=0.1270 | val_loss=2.9035 | val_auc=0.8852 | dt=157.9s | ETA=103.4min
2026-02-18 22:04:01,192 | INFO | [Fold 3] Epoch 22/60 | train_loss=0.1164 | val_loss=1.3004 | val_auc=0.9061 | dt=156.9s | ETA=100.7min
2026-02-18 22:06:39,132 | INFO | [Fold 3] Epoch 23/60 | train_loss=0.1112 | val_loss=0.5062 | val_auc=0.9216 | dt=157.9s | ETA=98.0min
2026-02-18 22:06:39,132 | INFO | [Fold 3] Early stopping (patience=10) em epoch 23 | best=13
2026-02-18 22:06:39,133 | INFO | Fold 3: treino inner concluído em 60.9min | best_epoch(inner)=13 | epochs_ran=23
2026-02-18 22:06:39,133 | INFO | Fold 3: etapa retrain outer-train por 13 epochs...
2026-02-18 22:10:04,209 | INFO | [Fold 3] [Retrain] Epoch 1/13 | train_loss=0.5855 | dt=204.6s
2026-02-18 22:13:10,867 | INFO | [Fold 3] [Retrain] Epoch 2/13 | train_loss=0.4955 | dt=186.7s
2026-02-18 22:16:17,836 | INFO | [Fold 3] [Retrain] Epoch 3/13 | train_loss=0.4421 | dt=187.0s
2026-02-18 22:19:24,101 | INFO | [Fold 3] [Retrain] Epoch 4/13 | train_loss=0.4173 | dt=186.3s
2026-02-18 22:22:31,393 | INFO | [Fold 3] [Retrain] Epoch 5/13 | train_loss=0.3896 | dt=187.3s
2026-02-18 22:25:38,761 | INFO | [Fold 3] [Retrain] Epoch 6/13 | train_loss=0.3463 | dt=187.4s
2026-02-18 22:28:45,550 | INFO | [Fold 3] [Retrain] Epoch 7/13 | train_loss=0.3175 | dt=186.8s
2026-02-18 22:31:53,069 | INFO | [Fold 3] [Retrain] Epoch 8/13 | train_loss=0.3174 | dt=187.5s
2026-02-18 22:35:00,510 | INFO | [Fold 3] [Retrain] Epoch 9/13 | train_loss=0.2938 | dt=187.4s
2026-02-18 22:38:07,556 | INFO | [Fold 3] [Retrain] Epoch 10/13 | train_loss=0.2583 | dt=187.0s
2026-02-18 22:41:14,704 | INFO | [Fold 3] [Retrain] Epoch 11/13 | train_loss=0.2549 | dt=187.1s
2026-02-18 22:44:21,518 | INFO | [Fold 3] [Retrain] Epoch 12/13 | train_loss=0.2011 | dt=186.8s
2026-02-18 22:47:29,257 | INFO | [Fold 3] [Retrain] Epoch 13/13 | train_loss=0.1772 | dt=187.7s
2026-02-18 22:47:29,258 | INFO | Fold 3: retrain concluído em 40.8min
2026-02-18 22:47:29,258 | INFO | Fold 3: etapa avaliação outer-test (unseen data)...
2026-02-18 22:47:36,031 | INFO | [Fold 3] Outer-test | loss=0.5702 | auc=0.8804 | acc=0.8034 | f1=0.7763
2026-02-18 22:47:36,032 | INFO | Fold 3: avaliação concluída em 0.1min
2026-02-18 22:47:36,032 | INFO | Fold 3/5 finalizado | tempo_fold=101.9min | elapsed=148.3min | ETA_restante≈98.5min
2026-02-18 22:47:36,032 | INFO | Fold 4/5 | outer_train=2381 outer_test=595
2026-02-18 22:47:36,033 | INFO | Fold 4: etapa inner split (inner_val_frac=0.15)...
2026-02-18 22:47:36,035 | INFO | Fold 4: inner split concluído em 0.0min | inner_train=2023 inner_val=358
2026-02-18 22:47:36,035 | INFO | Fold 4: etapa oversampling (treino) | enabled=False...
2026-02-18 22:47:36,035 | INFO | Fold 4: oversampling concluído em 0.0min | inner_train_os=2023
2026-02-18 22:47:36,035 | INFO | Fold 4: etapa criando DataLoaders (train/inner_val/outer_test)...
2026-02-18 22:47:36,364 | INFO | Fold 4: DataLoaders prontos em 0.0min
2026-02-18 22:47:36,365 | INFO | Fold 4: treino inner (early stopping) | pretrained=True amp=True multi_gpu=True gpu_ids=(0, 1)
2026-02-18 22:50:21,355 | INFO | [Fold 4] Epoch 1/60 | train_loss=0.6048 | val_loss=1.6122 | val_auc=0.8274 | dt=164.6s | ETA=161.8min
2026-02-18 22:53:04,684 | INFO | [Fold 4] Epoch 2/60 | train_loss=0.5057 | val_loss=0.5398 | val_auc=0.8773 | dt=163.2s | ETA=158.4min
2026-02-18 22:55:48,823 | INFO | [Fold 4] Epoch 3/60 | train_loss=0.4512 | val_loss=2.3686 | val_auc=0.8654 | dt=164.0s | ETA=155.7min
2026-02-18 22:58:32,482 | INFO | [Fold 4] Epoch 4/60 | train_loss=0.4131 | val_loss=1.2773 | val_auc=0.8767 | dt=163.7s | ETA=152.9min
2026-02-18 23:01:15,349 | INFO | [Fold 4] Epoch 5/60 | train_loss=0.3811 | val_loss=2.3431 | val_auc=0.8664 | dt=162.9s | ETA=150.0min
2026-02-18 23:03:58,130 | INFO | [Fold 4] Epoch 6/60 | train_loss=0.3576 | val_loss=0.5747 | val_auc=0.9092 | dt=162.8s | ETA=147.2min
2026-02-18 23:06:41,894 | INFO | [Fold 4] Epoch 7/60 | train_loss=0.3324 | val_loss=0.6117 | val_auc=0.8960 | dt=163.8s | ETA=144.5min
2026-02-18 23:09:25,450 | INFO | [Fold 4] Epoch 8/60 | train_loss=0.3034 | val_loss=1.1259 | val_auc=0.9060 | dt=163.6s | ETA=141.7min
2026-02-18 23:12:08,377 | INFO | [Fold 4] Epoch 9/60 | train_loss=0.2400 | val_loss=0.5366 | val_auc=0.9035 | dt=162.9s | ETA=139.0min
2026-02-18 23:14:51,010 | INFO | [Fold 4] Epoch 10/60 | train_loss=0.2084 | val_loss=0.5291 | val_auc=0.9057 | dt=162.5s | ETA=136.2min
2026-02-18 23:17:34,649 | INFO | [Fold 4] Epoch 11/60 | train_loss=0.2281 | val_loss=7.6667 | val_auc=0.8105 | dt=163.5s | ETA=133.4min
2026-02-18 23:20:18,449 | INFO | [Fold 4] Epoch 12/60 | train_loss=0.2462 | val_loss=1.2147 | val_auc=0.9080 | dt=163.8s | ETA=130.7min
2026-02-18 23:23:01,802 | INFO | [Fold 4] Epoch 13/60 | train_loss=0.1701 | val_loss=0.7830 | val_auc=0.8856 | dt=163.4s | ETA=128.0min
2026-02-18 23:25:45,112 | INFO | [Fold 4] Epoch 14/60 | train_loss=0.1812 | val_loss=0.8422 | val_auc=0.8943 | dt=163.3s | ETA=125.3min
2026-02-18 23:28:28,922 | INFO | [Fold 4] Epoch 15/60 | train_loss=0.1921 | val_loss=4.5236 | val_auc=0.8887 | dt=163.8s | ETA=122.6min
2026-02-18 23:31:13,118 | INFO | [Fold 4] Epoch 16/60 | train_loss=0.1590 | val_loss=1.3306 | val_auc=0.8950 | dt=164.2s | ETA=119.9min
2026-02-18 23:33:56,884 | INFO | [Fold 4] Epoch 17/60 | train_loss=0.1571 | val_loss=0.7891 | val_auc=0.9087 | dt=163.8s | ETA=117.2min
2026-02-18 23:36:40,518 | INFO | [Fold 4] Epoch 18/60 | train_loss=0.1315 | val_loss=2.6646 | val_auc=0.8938 | dt=163.6s | ETA=114.5min
2026-02-18 23:39:24,573 | INFO | [Fold 4] Epoch 19/60 | train_loss=0.1457 | val_loss=1.6576 | val_auc=0.8858 | dt=164.1s | ETA=111.8min
2026-02-18 23:42:07,927 | INFO | [Fold 4] Epoch 20/60 | train_loss=0.1109 | val_loss=1.1418 | val_auc=0.9042 | dt=163.4s | ETA=109.0min
2026-02-18 23:42:07,927 | INFO | [Fold 4] Early stopping (patience=10) em epoch 20 | best=10
2026-02-18 23:42:07,928 | INFO | Fold 4: treino inner concluído em 54.5min | best_epoch(inner)=10 | epochs_ran=20
2026-02-18 23:42:07,928 | INFO | Fold 4: etapa retrain outer-train por 10 epochs...
2026-02-18 23:45:14,751 | INFO | [Fold 4] [Retrain] Epoch 1/10 | train_loss=0.5887 | dt=186.3s
2026-02-18 23:48:21,527 | INFO | [Fold 4] [Retrain] Epoch 2/10 | train_loss=0.5057 | dt=186.8s
2026-02-18 23:51:28,459 | INFO | [Fold 4] [Retrain] Epoch 3/10 | train_loss=0.4459 | dt=186.9s
2026-02-18 23:54:35,007 | INFO | [Fold 4] [Retrain] Epoch 4/10 | train_loss=0.4141 | dt=186.5s
2026-02-18 23:57:41,950 | INFO | [Fold 4] [Retrain] Epoch 5/10 | train_loss=0.3679 | dt=186.9s
2026-02-19 00:00:48,440 | INFO | [Fold 4] [Retrain] Epoch 6/10 | train_loss=0.3494 | dt=186.5s
2026-02-19 00:03:55,265 | INFO | [Fold 4] [Retrain] Epoch 7/10 | train_loss=0.3612 | dt=186.8s
2026-02-19 00:07:01,227 | INFO | [Fold 4] [Retrain] Epoch 8/10 | train_loss=0.3027 | dt=186.0s
2026-02-19 00:10:08,076 | INFO | [Fold 4] [Retrain] Epoch 9/10 | train_loss=0.2915 | dt=186.8s
2026-02-19 00:13:14,063 | INFO | [Fold 4] [Retrain] Epoch 10/10 | train_loss=0.2814 | dt=186.0s
2026-02-19 00:13:14,064 | INFO | Fold 4: retrain concluído em 31.1min
2026-02-19 00:13:14,064 | INFO | Fold 4: etapa avaliação outer-test (unseen data)...
2026-02-19 00:13:22,032 | INFO | [Fold 4] Outer-test | loss=0.6740 | auc=0.9092 | acc=0.8034 | f1=0.7451
2026-02-19 00:13:22,032 | INFO | Fold 4: avaliação concluída em 0.1min
2026-02-19 00:13:22,032 | INFO | Fold 4/5 finalizado | tempo_fold=85.8min | elapsed=234.0min | ETA_restante≈58.2min
2026-02-19 00:13:22,032 | INFO | Fold 5/5 | outer_train=2381 outer_test=595
2026-02-19 00:13:22,034 | INFO | Fold 5: etapa inner split (inner_val_frac=0.15)...
2026-02-19 00:13:22,036 | INFO | Fold 5: inner split concluído em 0.0min | inner_train=2023 inner_val=358
2026-02-19 00:13:22,036 | INFO | Fold 5: etapa oversampling (treino) | enabled=False...
2026-02-19 00:13:22,036 | INFO | Fold 5: oversampling concluído em 0.0min | inner_train_os=2023
2026-02-19 00:13:22,036 | INFO | Fold 5: etapa criando DataLoaders (train/inner_val/outer_test)...
2026-02-19 00:13:22,372 | INFO | Fold 5: DataLoaders prontos em 0.0min
2026-02-19 00:13:22,373 | INFO | Fold 5: treino inner (early stopping) | pretrained=True amp=True multi_gpu=True gpu_ids=(0, 1)
2026-02-19 00:16:06,816 | INFO | [Fold 5] Epoch 1/60 | train_loss=0.6147 | val_loss=0.9633 | val_auc=0.8535 | dt=164.0s | ETA=161.3min
2026-02-19 00:18:49,680 | INFO | [Fold 5] Epoch 2/60 | train_loss=0.4807 | val_loss=0.6999 | val_auc=0.8791 | dt=162.8s | ETA=158.0min
2026-02-19 00:21:32,477 | INFO | [Fold 5] Epoch 3/60 | train_loss=0.4633 | val_loss=1.0477 | val_auc=0.9050 | dt=162.7s | ETA=155.0min
2026-02-19 00:24:16,174 | INFO | [Fold 5] Epoch 4/60 | train_loss=0.3943 | val_loss=1.3024 | val_auc=0.9045 | dt=163.7s | ETA=152.4min
2026-02-19 00:26:58,874 | INFO | [Fold 5] Epoch 5/60 | train_loss=0.3856 | val_loss=1.4534 | val_auc=0.9124 | dt=162.7s | ETA=149.6min
2026-02-19 00:29:42,060 | INFO | [Fold 5] Epoch 6/60 | train_loss=0.3529 | val_loss=2.8745 | val_auc=0.8757 | dt=163.2s | ETA=146.9min
2026-02-19 00:32:24,920 | INFO | [Fold 5] Epoch 7/60 | train_loss=0.3329 | val_loss=1.1117 | val_auc=0.9058 | dt=162.9s | ETA=144.1min
2026-02-19 00:35:08,464 | INFO | [Fold 5] Epoch 8/60 | train_loss=0.2789 | val_loss=1.3058 | val_auc=0.9168 | dt=163.5s | ETA=141.4min
2026-02-19 00:37:51,238 | INFO | [Fold 5] Epoch 9/60 | train_loss=0.2932 | val_loss=0.5291 | val_auc=0.9026 | dt=162.8s | ETA=138.7min
2026-02-19 00:40:34,213 | INFO | [Fold 5] Epoch 10/60 | train_loss=0.2268 | val_loss=1.8310 | val_auc=0.9083 | dt=162.8s | ETA=135.9min
2026-02-19 00:43:18,223 | INFO | [Fold 5] Epoch 11/60 | train_loss=0.2515 | val_loss=2.8451 | val_auc=0.9000 | dt=164.0s | ETA=133.3min
2026-02-19 00:46:02,181 | INFO | [Fold 5] Epoch 12/60 | train_loss=0.2223 | val_loss=2.0079 | val_auc=0.8884 | dt=164.0s | ETA=130.6min
2026-02-19 00:48:45,221 | INFO | [Fold 5] Epoch 13/60 | train_loss=0.2219 | val_loss=0.6948 | val_auc=0.8766 | dt=163.0s | ETA=127.9min
2026-02-19 00:51:26,972 | INFO | [Fold 5] Epoch 14/60 | train_loss=0.2112 | val_loss=0.8131 | val_auc=0.9080 | dt=161.8s | ETA=125.1min
2026-02-19 00:54:09,763 | INFO | [Fold 5] Epoch 15/60 | train_loss=0.1830 | val_loss=1.7297 | val_auc=0.9066 | dt=162.8s | ETA=122.3min
2026-02-19 00:56:52,363 | INFO | [Fold 5] Epoch 16/60 | train_loss=0.1968 | val_loss=1.1466 | val_auc=0.8971 | dt=162.6s | ETA=119.6min
2026-02-19 00:59:35,125 | INFO | [Fold 5] Epoch 17/60 | train_loss=0.1584 | val_loss=2.9786 | val_auc=0.8678 | dt=162.8s | ETA=116.9min
2026-02-19 01:02:17,527 | INFO | [Fold 5] Epoch 18/60 | train_loss=0.1719 | val_loss=0.5160 | val_auc=0.8964 | dt=162.4s | ETA=114.1min
2026-02-19 01:05:00,933 | INFO | [Fold 5] Epoch 19/60 | train_loss=0.1705 | val_loss=0.6858 | val_auc=0.8927 | dt=163.3s | ETA=111.4min
2026-02-19 01:07:42,895 | INFO | [Fold 5] Epoch 20/60 | train_loss=0.1366 | val_loss=1.0290 | val_auc=0.8937 | dt=162.0s | ETA=108.7min
2026-02-19 01:10:25,256 | INFO | [Fold 5] Epoch 21/60 | train_loss=0.1078 | val_loss=0.5452 | val_auc=0.9035 | dt=162.4s | ETA=105.9min
2026-02-19 01:13:08,013 | INFO | [Fold 5] Epoch 22/60 | train_loss=0.0999 | val_loss=1.0257 | val_auc=0.8974 | dt=162.8s | ETA=103.2min
2026-02-19 01:15:50,094 | INFO | [Fold 5] Epoch 23/60 | train_loss=0.1123 | val_loss=0.8664 | val_auc=0.9146 | dt=162.1s | ETA=100.5min
2026-02-19 01:18:33,173 | INFO | [Fold 5] Epoch 24/60 | train_loss=0.1158 | val_loss=1.0370 | val_auc=0.9156 | dt=163.1s | ETA=97.7min
2026-02-19 01:21:15,678 | INFO | [Fold 5] Epoch 25/60 | train_loss=0.1351 | val_loss=0.5221 | val_auc=0.9117 | dt=162.5s | ETA=95.0min
2026-02-19 01:23:57,469 | INFO | [Fold 5] Epoch 26/60 | train_loss=0.0901 | val_loss=1.9744 | val_auc=0.8984 | dt=161.8s | ETA=92.3min
2026-02-19 01:26:40,027 | INFO | [Fold 5] Epoch 27/60 | train_loss=0.0917 | val_loss=0.6079 | val_auc=0.9072 | dt=162.6s | ETA=89.6min
2026-02-19 01:29:21,728 | INFO | [Fold 5] Epoch 28/60 | train_loss=0.1075 | val_loss=0.6263 | val_auc=0.8907 | dt=161.7s | ETA=86.8min
2026-02-19 01:29:21,728 | INFO | [Fold 5] Early stopping (patience=10) em epoch 28 | best=18
2026-02-19 01:29:21,729 | INFO | Fold 5: treino inner concluído em 76.0min | best_epoch(inner)=18 | epochs_ran=28
2026-02-19 01:29:21,729 | INFO | Fold 5: etapa retrain outer-train por 18 epochs...
2026-02-19 01:32:27,551 | INFO | [Fold 5] [Retrain] Epoch 1/18 | train_loss=0.5937 | dt=185.3s
2026-02-19 01:35:33,686 | INFO | [Fold 5] [Retrain] Epoch 2/18 | train_loss=0.4905 | dt=186.1s
2026-02-19 01:38:39,295 | INFO | [Fold 5] [Retrain] Epoch 3/18 | train_loss=0.4463 | dt=185.6s
2026-02-19 01:41:44,575 | INFO | [Fold 5] [Retrain] Epoch 4/18 | train_loss=0.4211 | dt=185.3s
2026-02-19 01:44:50,166 | INFO | [Fold 5] [Retrain] Epoch 5/18 | train_loss=0.3839 | dt=185.6s
2026-02-19 01:47:54,889 | INFO | [Fold 5] [Retrain] Epoch 6/18 | train_loss=0.3800 | dt=184.7s
2026-02-19 01:51:00,490 | INFO | [Fold 5] [Retrain] Epoch 7/18 | train_loss=0.3246 | dt=185.6s
2026-02-19 01:54:06,379 | INFO | [Fold 5] [Retrain] Epoch 8/18 | train_loss=0.3039 | dt=185.9s
2026-02-19 01:57:11,286 | INFO | [Fold 5] [Retrain] Epoch 9/18 | train_loss=0.2860 | dt=184.9s
2026-02-19 02:00:16,940 | INFO | [Fold 5] [Retrain] Epoch 10/18 | train_loss=0.2454 | dt=185.7s
2026-02-19 02:03:22,358 | INFO | [Fold 5] [Retrain] Epoch 11/18 | train_loss=0.2507 | dt=185.4s
2026-02-19 02:06:28,789 | INFO | [Fold 5] [Retrain] Epoch 12/18 | train_loss=0.2347 | dt=186.4s
2026-02-19 02:09:33,800 | INFO | [Fold 5] [Retrain] Epoch 13/18 | train_loss=0.2265 | dt=185.0s
2026-02-19 02:12:39,713 | INFO | [Fold 5] [Retrain] Epoch 14/18 | train_loss=0.1856 | dt=185.9s
2026-02-19 02:15:45,479 | INFO | [Fold 5] [Retrain] Epoch 15/18 | train_loss=0.2000 | dt=185.8s
2026-02-19 02:18:51,052 | INFO | [Fold 5] [Retrain] Epoch 16/18 | train_loss=0.1915 | dt=185.6s
2026-02-19 02:21:56,014 | INFO | [Fold 5] [Retrain] Epoch 17/18 | train_loss=0.1748 | dt=185.0s
2026-02-19 02:25:01,646 | INFO | [Fold 5] [Retrain] Epoch 18/18 | train_loss=0.1567 | dt=185.6s
2026-02-19 02:25:01,647 | INFO | Fold 5: retrain concluído em 55.7min
2026-02-19 02:25:01,647 | INFO | Fold 5: etapa avaliação outer-test (unseen data)...
2026-02-19 02:25:09,219 | INFO | [Fold 5] Outer-test | loss=0.8366 | auc=0.9007 | acc=0.8353 | f1=0.7860
2026-02-19 02:25:09,220 | INFO | Fold 5: avaliação concluída em 0.1min
2026-02-19 02:25:09,220 | INFO | Fold 5/5 finalizado | tempo_fold=131.8min | elapsed=365.8min | ETA_restante≈0.0min
2026-02-19 02:25:09,220 | INFO | Etapa: agregando métricas e gerando summary.json...
2026-02-19 02:25:09,221 | INFO | Experimento finalizado em 365.8min | AUC mean=0.8968 std=0.0133
