2026-02-20 08:46:36,036 | INFO | Run dir: /home/thalles.fontainha/2026-2/results/EX3/20260220-084636
2026-02-20 08:46:36,037 | INFO | Device: cuda
2026-02-20 08:46:36,037 | INFO | CUDA available: True
2026-02-20 08:46:36,061 | INFO | CUDA device_count: 2
2026-02-20 08:46:36,072 | INFO | GPU 0: NVIDIA GeForce RTX 2080 Ti
2026-02-20 08:46:36,072 | INFO | GPU 1: NVIDIA GeForce RTX 2080 Ti
2026-02-20 08:46:36,072 | INFO | Config multi_gpu=True | gpu_ids=(0, 1) | batch_size=2 | num_workers=4
2026-02-20 08:46:36,072 | INFO | Etapa: copiando snapshot do código (.py) para auditoria...
2026-02-20 08:46:36,115 | INFO | Snapshot concluído em 0.0min
2026-02-20 08:46:36,115 | INFO | Etapa: carregando dataset base (sem transforms)...
2026-02-20 08:47:08,028 | INFO | Dataset carregado em 0.5min | N=2976 | pos=1317 neg=1659
2026-02-20 08:47:08,041 | INFO | Etapa: construindo preprocess (CPU) + augmentation_fn (GPU, só treino)...
2026-02-20 08:47:08,041 | INFO | Preprocess/aug_fn prontos em 0.0min | aug_profile=baseline | augmentation=True
2026-02-20 08:47:08,041 | INFO | Etapa: gerando outer folds (n_splits=5)...
2026-02-20 08:47:08,042 | INFO | Outer folds prontos em 0.0min
2026-02-20 08:47:08,042 | INFO | Fold 1/5 | outer_train=2380 outer_test=596
2026-02-20 08:47:08,044 | INFO | Fold 1: etapa inner split (inner_val_frac=0.15)...
2026-02-20 08:47:08,045 | INFO | Fold 1: inner split concluído em 0.0min | inner_train=2023 inner_val=357
2026-02-20 08:47:08,045 | INFO | Fold 1: etapa oversampling (treino) | enabled=False...
2026-02-20 08:47:08,045 | INFO | Fold 1: oversampling concluído em 0.0min | inner_train_os=2023
2026-02-20 08:47:08,045 | INFO | Fold 1: etapa criando DataLoaders (train/inner_val/outer_test)...
2026-02-20 08:47:08,046 | INFO | Fold 1: DataLoaders prontos em 0.0min
2026-02-20 08:47:08,046 | INFO | Fold 1: treino inner (early stopping) | pretrained=True amp=False multi_gpu=True gpu_ids=(0, 1)
2026-02-20 08:52:27,924 | INFO | [Fold 1] Epoch 1/60 | train_loss=0.7751 | val_loss=0.8470 | val_auc=0.5688 | dt=319.4s | ETA=314.0min
2026-02-20 08:57:57,123 | INFO | [Fold 1] Epoch 2/60 | train_loss=0.7576 | val_loss=1.7470 | val_auc=0.5520 | dt=329.1s | ETA=313.4min
2026-02-20 09:03:35,421 | INFO | [Fold 1] Epoch 3/60 | train_loss=0.7245 | val_loss=0.7718 | val_auc=0.7174 | dt=338.3s | ETA=312.5min
2026-02-20 09:09:08,990 | INFO | [Fold 1] Epoch 4/60 | train_loss=0.6588 | val_loss=0.7328 | val_auc=0.7105 | dt=333.4s | ETA=308.0min
2026-02-20 09:14:43,536 | INFO | [Fold 1] Epoch 5/60 | train_loss=0.6134 | val_loss=0.7250 | val_auc=0.7339 | dt=334.4s | ETA=303.3min
2026-02-20 09:20:13,887 | INFO | [Fold 1] Epoch 6/60 | train_loss=0.5330 | val_loss=0.9991 | val_auc=0.8308 | dt=330.2s | ETA=297.7min
2026-02-20 09:25:52,241 | INFO | [Fold 1] Epoch 7/60 | train_loss=0.4595 | val_loss=0.8932 | val_auc=0.7829 | dt=338.4s | ETA=293.2min
2026-02-20 09:31:28,534 | INFO | [Fold 1] Epoch 8/60 | train_loss=0.4022 | val_loss=0.7371 | val_auc=0.6964 | dt=336.3s | ETA=288.1min
2026-02-20 09:37:07,763 | INFO | [Fold 1] Epoch 9/60 | train_loss=0.3502 | val_loss=0.6311 | val_auc=0.7576 | dt=339.2s | ETA=283.2min
2026-02-20 09:42:42,537 | INFO | [Fold 1] Epoch 10/60 | train_loss=0.3004 | val_loss=0.6512 | val_auc=0.7370 | dt=334.6s | ETA=277.8min
2026-02-20 09:48:23,453 | INFO | [Fold 1] Epoch 11/60 | train_loss=0.2321 | val_loss=1.2053 | val_auc=0.6257 | dt=340.9s | ETA=272.8min
2026-02-20 09:54:02,797 | INFO | [Fold 1] Epoch 12/60 | train_loss=0.1807 | val_loss=0.7255 | val_auc=0.7232 | dt=339.3s | ETA=267.6min
2026-02-20 09:59:35,591 | INFO | [Fold 1] Epoch 13/60 | train_loss=0.1548 | val_loss=0.6878 | val_auc=0.7588 | dt=332.8s | ETA=261.9min
2026-02-20 10:05:09,145 | INFO | [Fold 1] Epoch 14/60 | train_loss=0.0942 | val_loss=0.7647 | val_auc=0.6528 | dt=333.6s | ETA=256.3min
2026-02-20 10:10:45,716 | INFO | [Fold 1] Epoch 15/60 | train_loss=0.1131 | val_loss=0.7446 | val_auc=0.6884 | dt=336.6s | ETA=250.8min
2026-02-20 10:16:24,047 | INFO | [Fold 1] Epoch 16/60 | train_loss=0.0781 | val_loss=0.8614 | val_auc=0.7310 | dt=338.3s | ETA=245.4min
2026-02-20 10:22:01,744 | INFO | [Fold 1] Epoch 17/60 | train_loss=0.0635 | val_loss=0.6294 | val_auc=0.7956 | dt=337.7s | ETA=240.0min
2026-02-20 10:27:41,963 | INFO | [Fold 1] Epoch 18/60 | train_loss=0.0617 | val_loss=1.2206 | val_auc=0.5166 | dt=340.1s | ETA=234.6min
2026-02-20 10:33:19,295 | INFO | [Fold 1] Epoch 19/60 | train_loss=0.0463 | val_loss=0.8390 | val_auc=0.5006 | dt=337.3s | ETA=229.1min
2026-02-20 10:38:58,356 | INFO | [Fold 1] Epoch 20/60 | train_loss=0.0586 | val_loss=0.7402 | val_auc=0.7502 | dt=339.1s | ETA=223.6min
2026-02-20 10:44:40,336 | INFO | [Fold 1] Epoch 21/60 | train_loss=0.0324 | val_loss=1.6952 | val_auc=0.4961 | dt=342.0s | ETA=218.2min
2026-02-20 10:50:19,618 | INFO | [Fold 1] Epoch 22/60 | train_loss=0.0483 | val_loss=2.0507 | val_auc=0.5989 | dt=339.3s | ETA=212.7min
2026-02-20 10:55:55,979 | INFO | [Fold 1] Epoch 23/60 | train_loss=0.0417 | val_loss=1.0428 | val_auc=0.6648 | dt=336.4s | ETA=207.2min
2026-02-20 11:01:38,922 | INFO | [Fold 1] Epoch 24/60 | train_loss=0.0303 | val_loss=0.8939 | val_auc=0.6503 | dt=342.9s | ETA=201.7min
2026-02-20 11:07:22,215 | INFO | [Fold 1] Epoch 25/60 | train_loss=0.0027 | val_loss=1.3371 | val_auc=0.4779 | dt=343.3s | ETA=196.3min
2026-02-20 11:13:00,655 | INFO | [Fold 1] Epoch 26/60 | train_loss=0.0421 | val_loss=0.8919 | val_auc=0.7150 | dt=338.4s | ETA=190.7min
2026-02-20 11:18:42,696 | INFO | [Fold 1] Epoch 27/60 | train_loss=0.0502 | val_loss=1.0846 | val_auc=0.7417 | dt=342.0s | ETA=185.2min
2026-02-20 11:18:42,696 | INFO | [Fold 1] Early stopping (patience=10) em epoch 27 | best=17
2026-02-20 11:18:42,697 | INFO | Fold 1: treino inner concluído em 151.6min | best_epoch(inner)=17 | epochs_ran=27
2026-02-20 11:18:42,697 | INFO | Fold 1: etapa retrain outer-train por 17 epochs...
2026-02-20 11:25:05,180 | INFO | [Fold 1] [Retrain] Epoch 1/17 | train_loss=0.7707 | dt=382.1s
2026-02-20 11:31:29,955 | INFO | [Fold 1] [Retrain] Epoch 2/17 | train_loss=0.7321 | dt=384.8s
2026-02-20 11:37:54,078 | INFO | [Fold 1] [Retrain] Epoch 3/17 | train_loss=0.6558 | dt=384.1s
2026-02-20 11:44:19,356 | INFO | [Fold 1] [Retrain] Epoch 4/17 | train_loss=0.5678 | dt=385.3s
2026-02-20 11:50:41,664 | INFO | [Fold 1] [Retrain] Epoch 5/17 | train_loss=0.4885 | dt=382.3s
2026-02-20 11:57:07,388 | INFO | [Fold 1] [Retrain] Epoch 6/17 | train_loss=0.4149 | dt=385.7s
2026-02-20 12:03:34,319 | INFO | [Fold 1] [Retrain] Epoch 7/17 | train_loss=0.3369 | dt=386.9s
2026-02-20 12:09:58,341 | INFO | [Fold 1] [Retrain] Epoch 8/17 | train_loss=0.2724 | dt=384.0s
2026-02-20 12:16:25,715 | INFO | [Fold 1] [Retrain] Epoch 9/17 | train_loss=0.2173 | dt=387.4s
2026-02-20 12:22:49,157 | INFO | [Fold 1] [Retrain] Epoch 10/17 | train_loss=0.1611 | dt=383.4s
2026-02-20 12:29:13,858 | INFO | [Fold 1] [Retrain] Epoch 11/17 | train_loss=0.1279 | dt=384.7s
2026-02-20 12:35:41,543 | INFO | [Fold 1] [Retrain] Epoch 12/17 | train_loss=0.1046 | dt=387.7s
2026-02-20 12:42:05,234 | INFO | [Fold 1] [Retrain] Epoch 13/17 | train_loss=0.0865 | dt=383.7s
2026-02-20 12:48:32,944 | INFO | [Fold 1] [Retrain] Epoch 14/17 | train_loss=0.0786 | dt=387.7s
2026-02-20 12:54:59,142 | INFO | [Fold 1] [Retrain] Epoch 15/17 | train_loss=0.0609 | dt=386.2s
2026-02-20 13:01:23,452 | INFO | [Fold 1] [Retrain] Epoch 16/17 | train_loss=0.0649 | dt=384.3s
2026-02-20 13:07:49,782 | INFO | [Fold 1] [Retrain] Epoch 17/17 | train_loss=0.0406 | dt=386.3s
2026-02-20 13:07:49,783 | INFO | Fold 1: retrain concluído em 109.1min
2026-02-20 13:07:49,783 | INFO | Fold 1: etapa avaliação outer-test (unseen data)...
2026-02-20 13:08:13,933 | INFO | [Fold 1] Outer-test | loss=0.6000 | auc=0.8103 | acc=0.7567 | f1=0.6756
2026-02-20 13:08:13,934 | INFO | Fold 1: avaliação concluída em 0.4min
2026-02-20 13:08:13,934 | INFO | Fold 1/5 finalizado | tempo_fold=261.1min | elapsed=261.6min | ETA_restante≈1043.9min
2026-02-20 13:08:13,934 | INFO | Fold 2/5 | outer_train=2381 outer_test=595
2026-02-20 13:08:13,935 | INFO | Fold 2: etapa inner split (inner_val_frac=0.15)...
2026-02-20 13:08:13,937 | INFO | Fold 2: inner split concluído em 0.0min | inner_train=2023 inner_val=358
2026-02-20 13:08:13,937 | INFO | Fold 2: etapa oversampling (treino) | enabled=False...
2026-02-20 13:08:13,937 | INFO | Fold 2: oversampling concluído em 0.0min | inner_train_os=2023
2026-02-20 13:08:13,937 | INFO | Fold 2: etapa criando DataLoaders (train/inner_val/outer_test)...
2026-02-20 13:08:14,053 | INFO | Fold 2: DataLoaders prontos em 0.0min
2026-02-20 13:08:14,053 | INFO | Fold 2: treino inner (early stopping) | pretrained=True amp=False multi_gpu=True gpu_ids=(0, 1)
2026-02-20 13:14:00,936 | INFO | [Fold 2] Epoch 1/60 | train_loss=0.7726 | val_loss=1.1007 | val_auc=0.6272 | dt=346.5s | ETA=340.7min
2026-02-20 13:19:43,872 | INFO | [Fold 2] Epoch 2/60 | train_loss=0.7597 | val_loss=0.9062 | val_auc=0.6419 | dt=342.8s | ETA=333.2min
2026-02-20 13:25:27,575 | INFO | [Fold 2] Epoch 3/60 | train_loss=0.7397 | val_loss=0.8843 | val_auc=0.5619 | dt=343.6s | ETA=327.1min
2026-02-20 13:31:08,871 | INFO | [Fold 2] Epoch 4/60 | train_loss=0.7030 | val_loss=0.8699 | val_auc=0.5674 | dt=341.2s | ETA=320.6min
2026-02-20 13:36:54,699 | INFO | [Fold 2] Epoch 5/60 | train_loss=0.6518 | val_loss=0.8692 | val_auc=0.5863 | dt=345.7s | ETA=315.3min
2026-02-20 13:42:36,811 | INFO | [Fold 2] Epoch 6/60 | train_loss=0.6018 | val_loss=0.8974 | val_auc=0.5851 | dt=342.0s | ETA=309.3min
2026-02-20 13:48:18,117 | INFO | [Fold 2] Epoch 7/60 | train_loss=0.5530 | val_loss=1.0543 | val_auc=0.5771 | dt=341.3s | ETA=303.2min
2026-02-20 13:54:04,601 | INFO | [Fold 2] Epoch 8/60 | train_loss=0.5050 | val_loss=1.5050 | val_auc=0.5907 | dt=346.5s | ETA=297.9min
2026-02-20 13:59:48,462 | INFO | [Fold 2] Epoch 9/60 | train_loss=0.4706 | val_loss=1.0663 | val_auc=0.5095 | dt=343.9s | ETA=292.1min
2026-02-20 14:05:31,913 | INFO | [Fold 2] Epoch 10/60 | train_loss=0.4323 | val_loss=1.2128 | val_auc=0.5415 | dt=343.5s | ETA=286.4min
2026-02-20 14:11:15,998 | INFO | [Fold 2] Epoch 11/60 | train_loss=0.3730 | val_loss=1.1765 | val_auc=0.4814 | dt=344.1s | ETA=280.7min
2026-02-20 14:16:59,938 | INFO | [Fold 2] Epoch 12/60 | train_loss=0.3435 | val_loss=1.1862 | val_auc=0.4949 | dt=343.9s | ETA=275.0min
2026-02-20 14:22:41,659 | INFO | [Fold 2] Epoch 13/60 | train_loss=0.2771 | val_loss=1.1451 | val_auc=0.4763 | dt=341.7s | ETA=269.1min
2026-02-20 14:28:24,578 | INFO | [Fold 2] Epoch 14/60 | train_loss=0.2363 | val_loss=1.3379 | val_auc=0.5479 | dt=342.9s | ETA=263.4min
2026-02-20 14:34:07,550 | INFO | [Fold 2] Epoch 15/60 | train_loss=0.2005 | val_loss=1.3925 | val_auc=0.6015 | dt=343.0s | ETA=257.6min
2026-02-20 14:34:07,550 | INFO | [Fold 2] Early stopping (patience=10) em epoch 15 | best=5
2026-02-20 14:34:07,550 | INFO | Fold 2: treino inner concluído em 85.9min | best_epoch(inner)=5 | epochs_ran=15
2026-02-20 14:34:07,550 | INFO | Fold 2: etapa retrain outer-train por 5 epochs...
2026-02-20 14:40:35,685 | INFO | [Fold 2] [Retrain] Epoch 1/5 | train_loss=0.7699 | dt=387.7s
2026-02-20 14:47:01,962 | INFO | [Fold 2] [Retrain] Epoch 2/5 | train_loss=0.7355 | dt=386.3s
2026-02-20 14:53:30,394 | INFO | [Fold 2] [Retrain] Epoch 3/5 | train_loss=0.6404 | dt=388.4s
2026-02-20 14:59:55,713 | INFO | [Fold 2] [Retrain] Epoch 4/5 | train_loss=0.5452 | dt=385.3s
2026-02-20 15:06:24,092 | INFO | [Fold 2] [Retrain] Epoch 5/5 | train_loss=0.4877 | dt=388.4s
2026-02-20 15:06:24,093 | INFO | Fold 2: retrain concluído em 32.3min
2026-02-20 15:06:24,093 | INFO | Fold 2: etapa avaliação outer-test (unseen data)...
2026-02-20 15:06:50,380 | INFO | [Fold 2] Outer-test | loss=0.9524 | auc=0.5076 | acc=0.4689 | f1=0.6165
2026-02-20 15:06:50,380 | INFO | Fold 2: avaliação concluída em 0.4min
2026-02-20 15:06:50,380 | INFO | Fold 2/5 finalizado | tempo_fold=118.6min | elapsed=380.2min | ETA_restante≈569.0min
2026-02-20 15:06:50,380 | INFO | Fold 3/5 | outer_train=2381 outer_test=595
2026-02-20 15:06:50,381 | INFO | Fold 3: etapa inner split (inner_val_frac=0.15)...
2026-02-20 15:06:50,383 | INFO | Fold 3: inner split concluído em 0.0min | inner_train=2023 inner_val=358
2026-02-20 15:06:50,383 | INFO | Fold 3: etapa oversampling (treino) | enabled=False...
2026-02-20 15:06:50,383 | INFO | Fold 3: oversampling concluído em 0.0min | inner_train_os=2023
2026-02-20 15:06:50,383 | INFO | Fold 3: etapa criando DataLoaders (train/inner_val/outer_test)...
2026-02-20 15:06:50,524 | INFO | Fold 3: DataLoaders prontos em 0.0min
2026-02-20 15:06:50,524 | INFO | Fold 3: treino inner (early stopping) | pretrained=True amp=False multi_gpu=True gpu_ids=(0, 1)
2026-02-20 15:12:32,694 | INFO | [Fold 3] Epoch 1/60 | train_loss=0.7654 | val_loss=0.7960 | val_auc=0.5301 | dt=341.7s | ETA=336.0min
2026-02-20 15:18:16,375 | INFO | [Fold 3] Epoch 2/60 | train_loss=0.7113 | val_loss=0.7813 | val_auc=0.6878 | dt=343.6s | ETA=331.2min
2026-02-20 15:23:57,527 | INFO | [Fold 3] Epoch 3/60 | train_loss=0.6218 | val_loss=0.9551 | val_auc=0.4442 | dt=341.0s | ETA=325.0min
2026-02-20 15:29:42,432 | INFO | [Fold 3] Epoch 4/60 | train_loss=0.5400 | val_loss=0.8659 | val_auc=0.5674 | dt=344.9s | ETA=320.0min
2026-02-20 15:35:28,278 | INFO | [Fold 3] Epoch 5/60 | train_loss=0.4637 | val_loss=0.6288 | val_auc=0.7948 | dt=345.8s | ETA=314.8min
2026-02-20 15:41:07,954 | INFO | [Fold 3] Epoch 6/60 | train_loss=0.3950 | val_loss=0.6944 | val_auc=0.7175 | dt=339.5s | ETA=308.5min
2026-02-20 15:46:49,627 | INFO | [Fold 3] Epoch 7/60 | train_loss=0.3174 | val_loss=1.0160 | val_auc=0.4643 | dt=341.7s | ETA=302.6min
2026-02-20 15:52:33,146 | INFO | [Fold 3] Epoch 8/60 | train_loss=0.2393 | val_loss=0.8967 | val_auc=0.5435 | dt=343.5s | ETA=297.0min
2026-02-20 15:58:20,590 | INFO | [Fold 3] Epoch 9/60 | train_loss=0.1923 | val_loss=1.5520 | val_auc=0.1747 | dt=347.4s | ETA=291.8min
2026-02-20 16:04:02,267 | INFO | [Fold 3] Epoch 10/60 | train_loss=0.1406 | val_loss=0.7328 | val_auc=0.7244 | dt=341.7s | ETA=285.9min
2026-02-20 16:09:44,770 | INFO | [Fold 3] Epoch 11/60 | train_loss=0.1132 | val_loss=1.1959 | val_auc=0.4832 | dt=342.5s | ETA=280.1min
2026-02-20 16:15:25,319 | INFO | [Fold 3] Epoch 12/60 | train_loss=0.0940 | val_loss=1.0874 | val_auc=0.7537 | dt=340.5s | ETA=274.3min
2026-02-20 16:21:10,211 | INFO | [Fold 3] Epoch 13/60 | train_loss=0.0706 | val_loss=1.2477 | val_auc=0.3584 | dt=344.9s | ETA=268.7min
2026-02-20 16:26:47,598 | INFO | [Fold 3] Epoch 14/60 | train_loss=0.0637 | val_loss=0.9952 | val_auc=0.4367 | dt=337.4s | ETA=262.7min
2026-02-20 16:32:27,884 | INFO | [Fold 3] Epoch 15/60 | train_loss=0.0656 | val_loss=0.7245 | val_auc=0.7826 | dt=340.3s | ETA=256.8min
2026-02-20 16:32:27,884 | INFO | [Fold 3] Early stopping (patience=10) em epoch 15 | best=5
2026-02-20 16:32:27,885 | INFO | Fold 3: treino inner concluído em 85.6min | best_epoch(inner)=5 | epochs_ran=15
2026-02-20 16:32:27,885 | INFO | Fold 3: etapa retrain outer-train por 5 epochs...
2026-02-20 16:38:54,958 | INFO | [Fold 3] [Retrain] Epoch 1/5 | train_loss=0.7432 | dt=386.6s
2026-02-20 16:45:23,251 | INFO | [Fold 3] [Retrain] Epoch 2/5 | train_loss=0.6240 | dt=388.3s
2026-02-20 16:51:50,545 | INFO | [Fold 3] [Retrain] Epoch 3/5 | train_loss=0.4938 | dt=387.3s
2026-02-20 16:58:19,589 | INFO | [Fold 3] [Retrain] Epoch 4/5 | train_loss=0.4228 | dt=389.0s
2026-02-20 17:04:49,197 | INFO | [Fold 3] [Retrain] Epoch 5/5 | train_loss=0.3379 | dt=389.6s
2026-02-20 17:04:49,198 | INFO | Fold 3: retrain concluído em 32.4min
2026-02-20 17:04:49,198 | INFO | Fold 3: etapa avaliação outer-test (unseen data)...
2026-02-20 17:05:13,744 | INFO | [Fold 3] Outer-test | loss=1.1485 | auc=0.4814 | acc=0.5445 | f1=0.0491
2026-02-20 17:05:13,744 | INFO | Fold 3: avaliação concluída em 0.4min
2026-02-20 17:05:13,745 | INFO | Fold 3/5 finalizado | tempo_fold=118.4min | elapsed=498.6min | ETA_restante≈331.5min
2026-02-20 17:05:13,745 | INFO | Fold 4/5 | outer_train=2381 outer_test=595
2026-02-20 17:05:13,746 | INFO | Fold 4: etapa inner split (inner_val_frac=0.15)...
2026-02-20 17:05:13,748 | INFO | Fold 4: inner split concluído em 0.0min | inner_train=2023 inner_val=358
2026-02-20 17:05:13,748 | INFO | Fold 4: etapa oversampling (treino) | enabled=False...
2026-02-20 17:05:13,748 | INFO | Fold 4: oversampling concluído em 0.0min | inner_train_os=2023
2026-02-20 17:05:13,748 | INFO | Fold 4: etapa criando DataLoaders (train/inner_val/outer_test)...
2026-02-20 17:05:13,909 | INFO | Fold 4: DataLoaders prontos em 0.0min
2026-02-20 17:05:13,909 | INFO | Fold 4: treino inner (early stopping) | pretrained=True amp=False multi_gpu=True gpu_ids=(0, 1)
2026-02-20 17:10:59,902 | INFO | [Fold 4] Epoch 1/60 | train_loss=0.7433 | val_loss=0.9189 | val_auc=0.3866 | dt=345.6s | ETA=339.8min
2026-02-20 17:16:43,482 | INFO | [Fold 4] Epoch 2/60 | train_loss=0.6565 | val_loss=0.9687 | val_auc=0.3201 | dt=343.5s | ETA=333.0min
2026-02-20 17:22:27,874 | INFO | [Fold 4] Epoch 3/60 | train_loss=0.5520 | val_loss=0.8710 | val_auc=0.3560 | dt=344.4s | ETA=327.3min
2026-02-20 17:28:07,519 | INFO | [Fold 4] Epoch 4/60 | train_loss=0.4495 | val_loss=0.9599 | val_auc=0.3084 | dt=339.5s | ETA=320.3min
2026-02-20 17:33:54,868 | INFO | [Fold 4] Epoch 5/60 | train_loss=0.3694 | val_loss=0.6914 | val_auc=0.7322 | dt=347.3s | ETA=315.4min
2026-02-20 17:39:32,285 | INFO | [Fold 4] Epoch 6/60 | train_loss=0.3110 | val_loss=0.7555 | val_auc=0.6273 | dt=337.3s | ETA=308.6min
2026-02-20 17:45:17,629 | INFO | [Fold 4] Epoch 7/60 | train_loss=0.2303 | val_loss=0.7699 | val_auc=0.5834 | dt=345.3s | ETA=303.2min
2026-02-20 17:51:01,704 | INFO | [Fold 4] Epoch 8/60 | train_loss=0.1795 | val_loss=1.0132 | val_auc=0.3699 | dt=344.1s | ETA=297.6min
2026-02-20 17:56:48,043 | INFO | [Fold 4] Epoch 9/60 | train_loss=0.1357 | val_loss=0.9587 | val_auc=0.7201 | dt=346.3s | ETA=292.1min
2026-02-20 18:02:31,168 | INFO | [Fold 4] Epoch 10/60 | train_loss=0.0891 | val_loss=0.7394 | val_auc=0.6503 | dt=343.1s | ETA=286.4min
2026-02-20 18:08:11,524 | INFO | [Fold 4] Epoch 11/60 | train_loss=0.0917 | val_loss=1.0365 | val_auc=0.2932 | dt=340.4s | ETA=280.4min
2026-02-20 18:13:52,415 | INFO | [Fold 4] Epoch 12/60 | train_loss=0.0796 | val_loss=0.7404 | val_auc=0.6578 | dt=340.9s | ETA=274.5min
2026-02-20 18:19:36,942 | INFO | [Fold 4] Epoch 13/60 | train_loss=0.0604 | val_loss=0.7451 | val_auc=0.6637 | dt=344.5s | ETA=268.9min
2026-02-20 18:25:19,812 | INFO | [Fold 4] Epoch 14/60 | train_loss=0.0667 | val_loss=0.7271 | val_auc=0.6559 | dt=342.9s | ETA=263.1min
2026-02-20 18:31:01,321 | INFO | [Fold 4] Epoch 15/60 | train_loss=0.0482 | val_loss=1.0048 | val_auc=0.7626 | dt=341.5s | ETA=257.3min
2026-02-20 18:31:01,321 | INFO | [Fold 4] Early stopping (patience=10) em epoch 15 | best=5
2026-02-20 18:31:01,322 | INFO | Fold 4: treino inner concluído em 85.8min | best_epoch(inner)=5 | epochs_ran=15
2026-02-20 18:31:01,322 | INFO | Fold 4: etapa retrain outer-train por 5 epochs...
2026-02-20 18:37:28,013 | INFO | [Fold 4] [Retrain] Epoch 1/5 | train_loss=0.7319 | dt=386.3s
2026-02-20 18:43:54,837 | INFO | [Fold 4] [Retrain] Epoch 2/5 | train_loss=0.5990 | dt=386.8s
2026-02-20 18:50:19,550 | INFO | [Fold 4] [Retrain] Epoch 3/5 | train_loss=0.5003 | dt=384.7s
2026-02-20 18:56:48,363 | INFO | [Fold 4] [Retrain] Epoch 4/5 | train_loss=0.4193 | dt=388.8s
2026-02-20 19:03:11,089 | INFO | [Fold 4] [Retrain] Epoch 5/5 | train_loss=0.3342 | dt=382.7s
2026-02-20 19:03:11,089 | INFO | Fold 4: retrain concluído em 32.2min
2026-02-20 19:03:11,102 | INFO | Fold 4: etapa avaliação outer-test (unseen data)...
2026-02-20 19:03:36,441 | INFO | [Fold 4] Outer-test | loss=0.9606 | auc=0.4374 | acc=0.4908 | f1=0.4024
2026-02-20 19:03:36,441 | INFO | Fold 4: avaliação concluída em 0.4min
2026-02-20 19:03:36,441 | INFO | Fold 4/5 finalizado | tempo_fold=118.4min | elapsed=617.0min | ETA_restante≈153.6min
2026-02-20 19:03:36,441 | INFO | Fold 5/5 | outer_train=2381 outer_test=595
2026-02-20 19:03:36,443 | INFO | Fold 5: etapa inner split (inner_val_frac=0.15)...
2026-02-20 19:03:36,444 | INFO | Fold 5: inner split concluído em 0.0min | inner_train=2023 inner_val=358
2026-02-20 19:03:36,444 | INFO | Fold 5: etapa oversampling (treino) | enabled=False...
2026-02-20 19:03:36,444 | INFO | Fold 5: oversampling concluído em 0.0min | inner_train_os=2023
2026-02-20 19:03:36,444 | INFO | Fold 5: etapa criando DataLoaders (train/inner_val/outer_test)...
2026-02-20 19:03:36,567 | INFO | Fold 5: DataLoaders prontos em 0.0min
2026-02-20 19:03:36,568 | INFO | Fold 5: treino inner (early stopping) | pretrained=True amp=False multi_gpu=True gpu_ids=(0, 1)
2026-02-20 19:09:15,631 | INFO | [Fold 5] Epoch 1/60 | train_loss=0.7744 | val_loss=0.7665 | val_auc=0.6141 | dt=338.7s | ETA=333.0min
2026-02-20 19:14:59,107 | INFO | [Fold 5] Epoch 2/60 | train_loss=0.7556 | val_loss=1.0521 | val_auc=0.6474 | dt=343.4s | ETA=329.6min
2026-02-20 19:20:41,263 | INFO | [Fold 5] Epoch 3/60 | train_loss=0.6837 | val_loss=0.6924 | val_auc=0.7530 | dt=342.2s | ETA=324.3min
2026-02-20 19:26:25,665 | INFO | [Fold 5] Epoch 4/60 | train_loss=0.6204 | val_loss=0.7272 | val_auc=0.7297 | dt=344.3s | ETA=319.3min
2026-02-20 19:32:06,530 | INFO | [Fold 5] Epoch 5/60 | train_loss=0.5711 | val_loss=0.6674 | val_auc=0.7833 | dt=340.9s | ETA=313.4min
2026-02-20 19:37:47,741 | INFO | [Fold 5] Epoch 6/60 | train_loss=0.5056 | val_loss=0.7030 | val_auc=0.7487 | dt=341.1s | ETA=307.6min
2026-02-20 19:43:30,447 | INFO | [Fold 5] Epoch 7/60 | train_loss=0.4379 | val_loss=0.6080 | val_auc=0.8415 | dt=342.7s | ETA=302.0min
2026-02-20 19:49:12,541 | INFO | [Fold 5] Epoch 8/60 | train_loss=0.3794 | val_loss=0.5317 | val_auc=0.8670 | dt=342.0s | ETA=296.3min
2026-02-20 19:54:54,092 | INFO | [Fold 5] Epoch 9/60 | train_loss=0.3121 | val_loss=0.8555 | val_auc=0.5919 | dt=341.4s | ETA=290.6min
2026-02-20 20:00:38,097 | INFO | [Fold 5] Epoch 10/60 | train_loss=0.2340 | val_loss=0.6514 | val_auc=0.7819 | dt=344.0s | ETA=285.0min
2026-02-20 20:06:21,623 | INFO | [Fold 5] Epoch 11/60 | train_loss=0.1707 | val_loss=0.9978 | val_auc=0.5008 | dt=343.5s | ETA=279.4min
2026-02-20 20:12:04,812 | INFO | [Fold 5] Epoch 12/60 | train_loss=0.1512 | val_loss=0.9146 | val_auc=0.6011 | dt=343.2s | ETA=273.8min
2026-02-20 20:17:45,963 | INFO | [Fold 5] Epoch 13/60 | train_loss=0.1124 | val_loss=0.8341 | val_auc=0.5265 | dt=341.2s | ETA=268.0min
2026-02-20 20:23:27,066 | INFO | [Fold 5] Epoch 14/60 | train_loss=0.0880 | val_loss=0.7475 | val_auc=0.6416 | dt=341.1s | ETA=262.3min
2026-02-20 20:29:10,260 | INFO | [Fold 5] Epoch 15/60 | train_loss=0.0868 | val_loss=1.0600 | val_auc=0.5634 | dt=343.2s | ETA=256.6min
2026-02-20 20:34:52,571 | INFO | [Fold 5] Epoch 16/60 | train_loss=0.0743 | val_loss=0.7393 | val_auc=0.6853 | dt=342.3s | ETA=250.9min
2026-02-20 20:40:32,704 | INFO | [Fold 5] Epoch 17/60 | train_loss=0.0627 | val_loss=0.6756 | val_auc=0.7567 | dt=340.1s | ETA=245.1min
2026-02-20 20:46:14,768 | INFO | [Fold 5] Epoch 18/60 | train_loss=0.0790 | val_loss=0.7068 | val_auc=0.6857 | dt=342.1s | ETA=239.4min
2026-02-20 20:46:14,768 | INFO | [Fold 5] Early stopping (patience=10) em epoch 18 | best=8
2026-02-20 20:46:14,769 | INFO | Fold 5: treino inner concluído em 102.6min | best_epoch(inner)=8 | epochs_ran=18
2026-02-20 20:46:14,769 | INFO | Fold 5: etapa retrain outer-train por 8 epochs...
2026-02-20 20:52:37,732 | INFO | [Fold 5] [Retrain] Epoch 1/8 | train_loss=0.7501 | dt=382.5s
2026-02-20 20:59:00,332 | INFO | [Fold 5] [Retrain] Epoch 2/8 | train_loss=0.6455 | dt=382.6s
2026-02-20 21:05:26,093 | INFO | [Fold 5] [Retrain] Epoch 3/8 | train_loss=0.5286 | dt=385.8s
2026-02-20 21:11:51,502 | INFO | [Fold 5] [Retrain] Epoch 4/8 | train_loss=0.4439 | dt=385.4s
2026-02-20 21:18:14,413 | INFO | [Fold 5] [Retrain] Epoch 5/8 | train_loss=0.3707 | dt=382.9s
2026-02-20 21:24:38,121 | INFO | [Fold 5] [Retrain] Epoch 6/8 | train_loss=0.2941 | dt=383.7s
2026-02-20 21:30:58,336 | INFO | [Fold 5] [Retrain] Epoch 7/8 | train_loss=0.2275 | dt=380.2s
2026-02-20 21:37:21,108 | INFO | [Fold 5] [Retrain] Epoch 8/8 | train_loss=0.1890 | dt=382.8s
2026-02-20 21:37:21,109 | INFO | Fold 5: retrain concluído em 51.1min
2026-02-20 21:37:21,109 | INFO | Fold 5: etapa avaliação outer-test (unseen data)...
2026-02-20 21:37:45,039 | INFO | [Fold 5] Outer-test | loss=0.8984 | auc=0.5231 | acc=0.5966 | f1=0.2771
2026-02-20 21:37:45,040 | INFO | Fold 5: avaliação concluída em 0.4min
2026-02-20 21:37:45,040 | INFO | Fold 5/5 finalizado | tempo_fold=154.1min | elapsed=771.1min | ETA_restante≈0.0min
2026-02-20 21:37:45,040 | INFO | Etapa: agregando métricas e gerando summary.json...
2026-02-20 21:37:45,041 | INFO | Experimento finalizado em 771.1min | AUC mean=0.5520 std=0.1480
